{"C:\\Coding\\volunteer-webapp-final\\server\\server.js": {"path":"C:\\Coding\\volunteer-webapp-final\\server\\server.js","statementMap":{"0":{"start":{"line":1,"column":16},"end":{"line":1,"column":34}},"1":{"start":{"line":2,"column":13},"end":{"line":2,"column":28}},"2":{"start":{"line":3,"column":13},"end":{"line":3,"column":28}},"3":{"start":{"line":4,"column":19},"end":{"line":4,"column":41}},"4":{"start":{"line":5,"column":0},"end":{"line":5,"column":27}},"5":{"start":{"line":8,"column":20},"end":{"line":8,"column":46}},"6":{"start":{"line":9,"column":19},"end":{"line":9,"column":43}},"7":{"start":{"line":10,"column":22},"end":{"line":10,"column":49}},"8":{"start":{"line":11,"column":22},"end":{"line":11,"column":49}},"9":{"start":{"line":12,"column":21},"end":{"line":12,"column":47}},"10":{"start":{"line":13,"column":32},"end":{"line":13,"column":70}},"11":{"start":{"line":14,"column":19},"end":{"line":14,"column":43}},"12":{"start":{"line":16,"column":12},"end":{"line":16,"column":21}},"13":{"start":{"line":17,"column":13},"end":{"line":17,"column":37}},"14":{"start":{"line":20,"column":0},"end":{"line":20,"column":16}},"15":{"start":{"line":21,"column":0},"end":{"line":21,"column":27}},"16":{"start":{"line":24,"column":0},"end":{"line":24,"column":66}},"17":{"start":{"line":27,"column":0},"end":{"line":30,"column":3}},"18":{"start":{"line":28,"column":2},"end":{"line":28,"column":63}},"19":{"start":{"line":29,"column":2},"end":{"line":29,"column":9}},"20":{"start":{"line":33,"column":0},"end":{"line":33,"column":36}},"21":{"start":{"line":34,"column":0},"end":{"line":34,"column":33}},"22":{"start":{"line":35,"column":0},"end":{"line":35,"column":39}},"23":{"start":{"line":36,"column":0},"end":{"line":36,"column":39}},"24":{"start":{"line":37,"column":0},"end":{"line":37,"column":37}},"25":{"start":{"line":38,"column":0},"end":{"line":38,"column":60}},"26":{"start":{"line":39,"column":0},"end":{"line":39,"column":33}},"27":{"start":{"line":42,"column":0},"end":{"line":44,"column":3}},"28":{"start":{"line":43,"column":4},"end":{"line":43,"column":69}},"29":{"start":{"line":46,"column":0},"end":{"line":48,"column":3}},"30":{"start":{"line":47,"column":4},"end":{"line":47,"column":80}},"31":{"start":{"line":50,"column":0},"end":{"line":52,"column":3}},"32":{"start":{"line":51,"column":4},"end":{"line":51,"column":69}},"33":{"start":{"line":54,"column":0},"end":{"line":56,"column":3}},"34":{"start":{"line":55,"column":4},"end":{"line":55,"column":82}},"35":{"start":{"line":58,"column":0},"end":{"line":60,"column":3}},"36":{"start":{"line":59,"column":4},"end":{"line":59,"column":71}},"37":{"start":{"line":62,"column":0},"end":{"line":64,"column":3}},"38":{"start":{"line":63,"column":4},"end":{"line":63,"column":71}},"39":{"start":{"line":66,"column":0},"end":{"line":68,"column":3}},"40":{"start":{"line":67,"column":4},"end":{"line":67,"column":77}},"41":{"start":{"line":71,"column":0},"end":{"line":74,"column":3}},"42":{"start":{"line":72,"column":4},"end":{"line":72,"column":57}},"43":{"start":{"line":73,"column":4},"end":{"line":73,"column":62}},"44":{"start":{"line":77,"column":0},"end":{"line":81,"column":3}},"45":{"start":{"line":80,"column":4},"end":{"line":80,"column":69}},"46":{"start":{"line":84,"column":0},"end":{"line":84,"column":21}}},"fnMap":{"0":{"name":"(anonymous_0)","decl":{"start":{"line":27,"column":16},"end":{"line":27,"column":17}},"loc":{"start":{"line":27,"column":36},"end":{"line":30,"column":1}},"line":27},"1":{"name":"(anonymous_1)","decl":{"start":{"line":42,"column":13},"end":{"line":42,"column":14}},"loc":{"start":{"line":42,"column":27},"end":{"line":44,"column":1}},"line":42},"2":{"name":"(anonymous_2)","decl":{"start":{"line":46,"column":29},"end":{"line":46,"column":30}},"loc":{"start":{"line":46,"column":43},"end":{"line":48,"column":1}},"line":46},"3":{"name":"(anonymous_3)","decl":{"start":{"line":50,"column":18},"end":{"line":50,"column":19}},"loc":{"start":{"line":50,"column":32},"end":{"line":52,"column":1}},"line":50},"4":{"name":"(anonymous_4)","decl":{"start":{"line":54,"column":31},"end":{"line":54,"column":32}},"loc":{"start":{"line":54,"column":45},"end":{"line":56,"column":1}},"line":54},"5":{"name":"(anonymous_5)","decl":{"start":{"line":58,"column":20},"end":{"line":58,"column":21}},"loc":{"start":{"line":58,"column":34},"end":{"line":60,"column":1}},"line":58},"6":{"name":"(anonymous_6)","decl":{"start":{"line":62,"column":20},"end":{"line":62,"column":21}},"loc":{"start":{"line":62,"column":34},"end":{"line":64,"column":1}},"line":62},"7":{"name":"(anonymous_7)","decl":{"start":{"line":66,"column":26},"end":{"line":66,"column":27}},"loc":{"start":{"line":66,"column":40},"end":{"line":68,"column":1}},"line":66},"8":{"name":"(anonymous_8)","decl":{"start":{"line":71,"column":18},"end":{"line":71,"column":19}},"loc":{"start":{"line":71,"column":32},"end":{"line":74,"column":1}},"line":71},"9":{"name":"(anonymous_9)","decl":{"start":{"line":77,"column":13},"end":{"line":77,"column":14}},"loc":{"start":{"line":77,"column":27},"end":{"line":81,"column":1}},"line":77}},"branchMap":{"0":{"loc":{"start":{"line":17,"column":13},"end":{"line":17,"column":37}},"type":"binary-expr","locations":[{"start":{"line":17,"column":13},"end":{"line":17,"column":29}},{"start":{"line":17,"column":33},"end":{"line":17,"column":37}}],"line":17}},"s":{"0":0,"1":0,"2":0,"3":0,"4":0,"5":0,"6":0,"7":0,"8":0,"9":0,"10":0,"11":0,"12":0,"13":0,"14":0,"15":0,"16":0,"17":0,"18":0,"19":0,"20":0,"21":0,"22":0,"23":0,"24":0,"25":0,"26":0,"27":0,"28":0,"29":0,"30":0,"31":0,"32":0,"33":0,"34":0,"35":0,"36":0,"37":0,"38":0,"39":0,"40":0,"41":0,"42":0,"43":0,"44":0,"45":0,"46":0},"f":{"0":0,"1":0,"2":0,"3":0,"4":0,"5":0,"6":0,"7":0,"8":0,"9":0},"b":{"0":[0,0]}}
,"C:\\Coding\\volunteer-webapp-final\\server\\routes\\auth.js": {"path":"C:\\Coding\\volunteer-webapp-final\\server\\routes\\auth.js","statementMap":{"0":{"start":{"line":1,"column":16},"end":{"line":1,"column":34}},"1":{"start":{"line":2,"column":15},"end":{"line":2,"column":31}},"2":{"start":{"line":3,"column":20},"end":{"line":3,"column":54}},"3":{"start":{"line":10,"column":0},"end":{"line":57,"column":3}},"4":{"start":{"line":11,"column":2},"end":{"line":56,"column":3}},"5":{"start":{"line":22,"column":8},"end":{"line":22,"column":16}},"6":{"start":{"line":24,"column":4},"end":{"line":26,"column":5}},"7":{"start":{"line":25,"column":6},"end":{"line":25,"column":80}},"8":{"start":{"line":28,"column":4},"end":{"line":30,"column":5}},"9":{"start":{"line":29,"column":6},"end":{"line":29,"column":80}},"10":{"start":{"line":32,"column":28},"end":{"line":40,"column":6}},"11":{"start":{"line":42,"column":4},"end":{"line":44,"column":5}},"12":{"start":{"line":43,"column":6},"end":{"line":43,"column":45}},"13":{"start":{"line":46,"column":4},"end":{"line":52,"column":7}},"14":{"start":{"line":54,"column":4},"end":{"line":54,"column":50}},"15":{"start":{"line":55,"column":4},"end":{"line":55,"column":72}},"16":{"start":{"line":64,"column":0},"end":{"line":90,"column":3}},"17":{"start":{"line":65,"column":2},"end":{"line":89,"column":3}},"18":{"start":{"line":66,"column":32},"end":{"line":66,"column":40}},"19":{"start":{"line":68,"column":4},"end":{"line":70,"column":5}},"20":{"start":{"line":69,"column":6},"end":{"line":69,"column":80}},"21":{"start":{"line":72,"column":28},"end":{"line":72,"column":68}},"22":{"start":{"line":74,"column":4},"end":{"line":76,"column":5}},"23":{"start":{"line":75,"column":6},"end":{"line":75,"column":45}},"24":{"start":{"line":78,"column":4},"end":{"line":85,"column":7}},"25":{"start":{"line":87,"column":4},"end":{"line":87,"column":47}},"26":{"start":{"line":88,"column":4},"end":{"line":88,"column":65}},"27":{"start":{"line":97,"column":0},"end":{"line":110,"column":3}},"28":{"start":{"line":98,"column":2},"end":{"line":109,"column":3}},"29":{"start":{"line":99,"column":22},"end":{"line":99,"column":48}},"30":{"start":{"line":101,"column":4},"end":{"line":103,"column":5}},"31":{"start":{"line":102,"column":6},"end":{"line":102,"column":45}},"32":{"start":{"line":105,"column":4},"end":{"line":105,"column":59}},"33":{"start":{"line":107,"column":4},"end":{"line":107,"column":48}},"34":{"start":{"line":108,"column":4},"end":{"line":108,"column":66}},"35":{"start":{"line":117,"column":0},"end":{"line":139,"column":3}},"36":{"start":{"line":118,"column":2},"end":{"line":138,"column":3}},"37":{"start":{"line":119,"column":28},"end":{"line":119,"column":62}},"38":{"start":{"line":121,"column":4},"end":{"line":123,"column":5}},"39":{"start":{"line":122,"column":6},"end":{"line":122,"column":45}},"40":{"start":{"line":125,"column":4},"end":{"line":127,"column":5}},"41":{"start":{"line":126,"column":6},"end":{"line":126,"column":66}},"42":{"start":{"line":129,"column":4},"end":{"line":134,"column":7}},"43":{"start":{"line":136,"column":4},"end":{"line":136,"column":50}},"44":{"start":{"line":137,"column":4},"end":{"line":137,"column":68}},"45":{"start":{"line":141,"column":0},"end":{"line":141,"column":24}}},"fnMap":{"0":{"name":"(anonymous_0)","decl":{"start":{"line":10,"column":25},"end":{"line":10,"column":26}},"loc":{"start":{"line":10,"column":45},"end":{"line":57,"column":1}},"line":10},"1":{"name":"(anonymous_1)","decl":{"start":{"line":64,"column":22},"end":{"line":64,"column":23}},"loc":{"start":{"line":64,"column":42},"end":{"line":90,"column":1}},"line":64},"2":{"name":"(anonymous_2)","decl":{"start":{"line":97,"column":23},"end":{"line":97,"column":24}},"loc":{"start":{"line":97,"column":43},"end":{"line":110,"column":1}},"line":97},"3":{"name":"(anonymous_3)","decl":{"start":{"line":117,"column":20},"end":{"line":117,"column":21}},"loc":{"start":{"line":117,"column":40},"end":{"line":139,"column":1}},"line":117}},"branchMap":{"0":{"loc":{"start":{"line":24,"column":4},"end":{"line":26,"column":5}},"type":"if","locations":[{"start":{"line":24,"column":4},"end":{"line":26,"column":5}},{"start":{},"end":{}}],"line":24},"1":{"loc":{"start":{"line":24,"column":8},"end":{"line":24,"column":27}},"type":"binary-expr","locations":[{"start":{"line":24,"column":8},"end":{"line":24,"column":14}},{"start":{"line":24,"column":18},"end":{"line":24,"column":27}}],"line":24},"2":{"loc":{"start":{"line":28,"column":4},"end":{"line":30,"column":5}},"type":"if","locations":[{"start":{"line":28,"column":4},"end":{"line":30,"column":5}},{"start":{},"end":{}}],"line":28},"3":{"loc":{"start":{"line":28,"column":8},"end":{"line":28,"column":48}},"type":"binary-expr","locations":[{"start":{"line":28,"column":8},"end":{"line":28,"column":17}},{"start":{"line":28,"column":21},"end":{"line":28,"column":26}},{"start":{"line":28,"column":30},"end":{"line":28,"column":36}},{"start":{"line":28,"column":40},"end":{"line":28,"column":48}}],"line":28},"4":{"loc":{"start":{"line":42,"column":4},"end":{"line":44,"column":5}},"type":"if","locations":[{"start":{"line":42,"column":4},"end":{"line":44,"column":5}},{"start":{},"end":{}}],"line":42},"5":{"loc":{"start":{"line":68,"column":4},"end":{"line":70,"column":5}},"type":"if","locations":[{"start":{"line":68,"column":4},"end":{"line":70,"column":5}},{"start":{},"end":{}}],"line":68},"6":{"loc":{"start":{"line":68,"column":8},"end":{"line":68,"column":27}},"type":"binary-expr","locations":[{"start":{"line":68,"column":8},"end":{"line":68,"column":14}},{"start":{"line":68,"column":18},"end":{"line":68,"column":27}}],"line":68},"7":{"loc":{"start":{"line":74,"column":4},"end":{"line":76,"column":5}},"type":"if","locations":[{"start":{"line":74,"column":4},"end":{"line":76,"column":5}},{"start":{},"end":{}}],"line":74},"8":{"loc":{"start":{"line":101,"column":4},"end":{"line":103,"column":5}},"type":"if","locations":[{"start":{"line":101,"column":4},"end":{"line":103,"column":5}},{"start":{},"end":{}}],"line":101},"9":{"loc":{"start":{"line":121,"column":4},"end":{"line":123,"column":5}},"type":"if","locations":[{"start":{"line":121,"column":4},"end":{"line":123,"column":5}},{"start":{},"end":{}}],"line":121},"10":{"loc":{"start":{"line":125,"column":4},"end":{"line":127,"column":5}},"type":"if","locations":[{"start":{"line":125,"column":4},"end":{"line":127,"column":5}},{"start":{},"end":{}}],"line":125}},"s":{"0":1,"1":1,"2":1,"3":1,"4":5,"5":5,"6":5,"7":2,"8":3,"9":1,"10":2,"11":2,"12":1,"13":1,"14":0,"15":0,"16":1,"17":4,"18":4,"19":4,"20":2,"21":2,"22":2,"23":1,"24":1,"25":0,"26":0,"27":1,"28":2,"29":2,"30":2,"31":1,"32":1,"33":0,"34":0,"35":1,"36":3,"37":3,"38":3,"39":1,"40":2,"41":1,"42":1,"43":0,"44":0,"45":1},"f":{"0":5,"1":4,"2":2,"3":3},"b":{"0":[2,3],"1":[5,4],"2":[1,2],"3":[3,2,2,2],"4":[1,1],"5":[2,2],"6":[4,3],"7":[1,1],"8":[1,1],"9":[1,2],"10":[1,1]},"_coverageSchema":"1a1c01bbd47fc00a2c39e90264f33305004495a9","hash":"b0054096f7ec5c3eac54849426455a58e5deb929"}
,"C:\\Coding\\volunteer-webapp-final\\server\\routes\\events.js": {"path":"C:\\Coding\\volunteer-webapp-final\\server\\routes\\events.js","statementMap":{"0":{"start":{"line":1,"column":16},"end":{"line":1,"column":34}},"1":{"start":{"line":2,"column":15},"end":{"line":2,"column":31}},"2":{"start":{"line":3,"column":21},"end":{"line":3,"column":56}},"3":{"start":{"line":6,"column":0},"end":{"line":19,"column":3}},"4":{"start":{"line":7,"column":2},"end":{"line":18,"column":3}},"5":{"start":{"line":8,"column":28},"end":{"line":8,"column":61}},"6":{"start":{"line":10,"column":4},"end":{"line":12,"column":5}},"7":{"start":{"line":11,"column":6},"end":{"line":11,"column":45}},"8":{"start":{"line":14,"column":4},"end":{"line":14,"column":19}},"9":{"start":{"line":16,"column":4},"end":{"line":16,"column":51}},"10":{"start":{"line":17,"column":4},"end":{"line":17,"column":62}},"11":{"start":{"line":22,"column":0},"end":{"line":36,"column":3}},"12":{"start":{"line":23,"column":2},"end":{"line":35,"column":3}},"13":{"start":{"line":24,"column":15},"end":{"line":24,"column":28}},"14":{"start":{"line":25,"column":28},"end":{"line":25,"column":63}},"15":{"start":{"line":27,"column":4},"end":{"line":29,"column":5}},"16":{"start":{"line":28,"column":6},"end":{"line":28,"column":64}},"17":{"start":{"line":31,"column":4},"end":{"line":31,"column":19}},"18":{"start":{"line":33,"column":4},"end":{"line":33,"column":50}},"19":{"start":{"line":34,"column":4},"end":{"line":34,"column":61}},"20":{"start":{"line":39,"column":0},"end":{"line":90,"column":3}},"21":{"start":{"line":40,"column":2},"end":{"line":89,"column":3}},"22":{"start":{"line":41,"column":107},"end":{"line":41,"column":115}},"23":{"start":{"line":44,"column":4},"end":{"line":46,"column":5}},"24":{"start":{"line":45,"column":8},"end":{"line":45,"column":74}},"25":{"start":{"line":49,"column":4},"end":{"line":49,"column":55}},"26":{"start":{"line":52,"column":22},"end":{"line":61,"column":5}},"27":{"start":{"line":64,"column":4},"end":{"line":65,"column":114}},"28":{"start":{"line":67,"column":28},"end":{"line":67,"column":69}},"29":{"start":{"line":69,"column":4},"end":{"line":71,"column":5}},"30":{"start":{"line":70,"column":6},"end":{"line":70,"column":45}},"31":{"start":{"line":73,"column":4},"end":{"line":85,"column":7}},"32":{"start":{"line":87,"column":4},"end":{"line":87,"column":50}},"33":{"start":{"line":88,"column":4},"end":{"line":88,"column":62}},"34":{"start":{"line":93,"column":0},"end":{"line":107,"column":3}},"35":{"start":{"line":94,"column":2},"end":{"line":106,"column":3}},"36":{"start":{"line":95,"column":15},"end":{"line":95,"column":28}},"37":{"start":{"line":96,"column":22},"end":{"line":96,"column":56}},"38":{"start":{"line":98,"column":4},"end":{"line":100,"column":5}},"39":{"start":{"line":99,"column":6},"end":{"line":99,"column":64}},"40":{"start":{"line":102,"column":4},"end":{"line":102,"column":56}},"41":{"start":{"line":104,"column":4},"end":{"line":104,"column":50}},"42":{"start":{"line":105,"column":4},"end":{"line":105,"column":62}},"43":{"start":{"line":110,"column":0},"end":{"line":123,"column":3}},"44":{"start":{"line":111,"column":2},"end":{"line":122,"column":3}},"45":{"start":{"line":112,"column":22},"end":{"line":112,"column":58}},"46":{"start":{"line":114,"column":4},"end":{"line":116,"column":5}},"47":{"start":{"line":115,"column":6},"end":{"line":115,"column":45}},"48":{"start":{"line":118,"column":4},"end":{"line":118,"column":49}},"49":{"start":{"line":120,"column":4},"end":{"line":120,"column":51}},"50":{"start":{"line":121,"column":4},"end":{"line":121,"column":62}},"51":{"start":{"line":125,"column":0},"end":{"line":125,"column":24}}},"fnMap":{"0":{"name":"(anonymous_0)","decl":{"start":{"line":6,"column":16},"end":{"line":6,"column":17}},"loc":{"start":{"line":6,"column":36},"end":{"line":19,"column":1}},"line":6},"1":{"name":"(anonymous_1)","decl":{"start":{"line":22,"column":19},"end":{"line":22,"column":20}},"loc":{"start":{"line":22,"column":39},"end":{"line":36,"column":1}},"line":22},"2":{"name":"(anonymous_2)","decl":{"start":{"line":39,"column":17},"end":{"line":39,"column":18}},"loc":{"start":{"line":39,"column":37},"end":{"line":90,"column":1}},"line":39},"3":{"name":"(anonymous_3)","decl":{"start":{"line":93,"column":22},"end":{"line":93,"column":23}},"loc":{"start":{"line":93,"column":42},"end":{"line":107,"column":1}},"line":93},"4":{"name":"(anonymous_4)","decl":{"start":{"line":110,"column":19},"end":{"line":110,"column":20}},"loc":{"start":{"line":110,"column":39},"end":{"line":123,"column":1}},"line":110}},"branchMap":{"0":{"loc":{"start":{"line":10,"column":4},"end":{"line":12,"column":5}},"type":"if","locations":[{"start":{"line":10,"column":4},"end":{"line":12,"column":5}},{"start":{},"end":{}}],"line":10},"1":{"loc":{"start":{"line":27,"column":4},"end":{"line":29,"column":5}},"type":"if","locations":[{"start":{"line":27,"column":4},"end":{"line":29,"column":5}},{"start":{},"end":{}}],"line":27},"2":{"loc":{"start":{"line":44,"column":4},"end":{"line":46,"column":5}},"type":"if","locations":[{"start":{"line":44,"column":4},"end":{"line":46,"column":5}},{"start":{},"end":{}}],"line":44},"3":{"loc":{"start":{"line":44,"column":8},"end":{"line":44,"column":57}},"type":"binary-expr","locations":[{"start":{"line":44,"column":8},"end":{"line":44,"column":18}},{"start":{"line":44,"column":22},"end":{"line":44,"column":31}},{"start":{"line":44,"column":35},"end":{"line":44,"column":45}},{"start":{"line":44,"column":49},"end":{"line":44,"column":57}}],"line":44},"4":{"loc":{"start":{"line":54,"column":21},"end":{"line":54,"column":66}},"type":"binary-expr","locations":[{"start":{"line":54,"column":21},"end":{"line":54,"column":37}},{"start":{"line":54,"column":41},"end":{"line":54,"column":66}}],"line":54},"5":{"loc":{"start":{"line":56,"column":25},"end":{"line":56,"column":45}},"type":"binary-expr","locations":[{"start":{"line":56,"column":25},"end":{"line":56,"column":39}},{"start":{"line":56,"column":43},"end":{"line":56,"column":45}}],"line":56},"6":{"loc":{"start":{"line":60,"column":20},"end":{"line":60,"column":34}},"type":"binary-expr","locations":[{"start":{"line":60,"column":20},"end":{"line":60,"column":26}},{"start":{"line":60,"column":30},"end":{"line":60,"column":34}}],"line":60},"7":{"loc":{"start":{"line":65,"column":8},"end":{"line":65,"column":112}},"type":"cond-expr","locations":[{"start":{"line":65,"column":38},"end":{"line":65,"column":102}},{"start":{"line":65,"column":105},"end":{"line":65,"column":112}}],"line":65},"8":{"loc":{"start":{"line":69,"column":4},"end":{"line":71,"column":5}},"type":"if","locations":[{"start":{"line":69,"column":4},"end":{"line":71,"column":5}},{"start":{},"end":{}}],"line":69},"9":{"loc":{"start":{"line":98,"column":4},"end":{"line":100,"column":5}},"type":"if","locations":[{"start":{"line":98,"column":4},"end":{"line":100,"column":5}},{"start":{},"end":{}}],"line":98},"10":{"loc":{"start":{"line":114,"column":4},"end":{"line":116,"column":5}},"type":"if","locations":[{"start":{"line":114,"column":4},"end":{"line":116,"column":5}},{"start":{},"end":{}}],"line":114}},"s":{"0":1,"1":1,"2":1,"3":1,"4":2,"5":2,"6":2,"7":1,"8":1,"9":0,"10":0,"11":1,"12":2,"13":2,"14":2,"15":2,"16":1,"17":1,"18":0,"19":0,"20":1,"21":3,"22":3,"23":3,"24":1,"25":2,"26":2,"27":2,"28":2,"29":2,"30":1,"31":1,"32":0,"33":0,"34":1,"35":2,"36":2,"37":2,"38":2,"39":1,"40":1,"41":0,"42":0,"43":1,"44":0,"45":0,"46":0,"47":0,"48":0,"49":0,"50":0,"51":1},"f":{"0":2,"1":2,"2":3,"3":2,"4":0},"b":{"0":[1,1],"1":[1,1],"2":[1,2],"3":[3,2,2,2],"4":[2,0],"5":[2,0],"6":[2,1],"7":[2,0],"8":[1,1],"9":[1,1],"10":[0,0]},"_coverageSchema":"1a1c01bbd47fc00a2c39e90264f33305004495a9","hash":"d9e19f68e51c85d7cdac13446f5a4d4977848cba"}
,"C:\\Coding\\volunteer-webapp-final\\server\\routes\\history.js": {"path":"C:\\Coding\\volunteer-webapp-final\\server\\routes\\history.js","statementMap":{"0":{"start":{"line":1,"column":16},"end":{"line":1,"column":34}},"1":{"start":{"line":2,"column":15},"end":{"line":2,"column":31}},"2":{"start":{"line":3,"column":32},"end":{"line":3,"column":78}},"3":{"start":{"line":10,"column":0},"end":{"line":25,"column":3}},"4":{"start":{"line":11,"column":2},"end":{"line":24,"column":3}},"5":{"start":{"line":12,"column":19},"end":{"line":12,"column":36}},"6":{"start":{"line":14,"column":28},"end":{"line":14,"column":80}},"7":{"start":{"line":16,"column":4},"end":{"line":18,"column":5}},"8":{"start":{"line":17,"column":6},"end":{"line":17,"column":45}},"9":{"start":{"line":20,"column":4},"end":{"line":20,"column":19}},"10":{"start":{"line":22,"column":4},"end":{"line":22,"column":57}},"11":{"start":{"line":23,"column":4},"end":{"line":23,"column":68}},"12":{"start":{"line":32,"column":0},"end":{"line":47,"column":3}},"13":{"start":{"line":33,"column":2},"end":{"line":46,"column":3}},"14":{"start":{"line":34,"column":20},"end":{"line":34,"column":38}},"15":{"start":{"line":36,"column":28},"end":{"line":36,"column":85}},"16":{"start":{"line":38,"column":4},"end":{"line":40,"column":5}},"17":{"start":{"line":39,"column":6},"end":{"line":39,"column":45}},"18":{"start":{"line":42,"column":4},"end":{"line":42,"column":19}},"19":{"start":{"line":44,"column":4},"end":{"line":44,"column":61}},"20":{"start":{"line":45,"column":4},"end":{"line":45,"column":72}},"21":{"start":{"line":54,"column":0},"end":{"line":76,"column":3}},"22":{"start":{"line":55,"column":2},"end":{"line":75,"column":3}},"23":{"start":{"line":56,"column":32},"end":{"line":56,"column":40}},"24":{"start":{"line":58,"column":4},"end":{"line":60,"column":5}},"25":{"start":{"line":59,"column":6},"end":{"line":59,"column":82}},"26":{"start":{"line":62,"column":28},"end":{"line":62,"column":88}},"27":{"start":{"line":64,"column":4},"end":{"line":66,"column":5}},"28":{"start":{"line":65,"column":6},"end":{"line":65,"column":45}},"29":{"start":{"line":68,"column":4},"end":{"line":71,"column":7}},"30":{"start":{"line":73,"column":4},"end":{"line":73,"column":54}},"31":{"start":{"line":74,"column":4},"end":{"line":74,"column":65}},"32":{"start":{"line":83,"column":0},"end":{"line":110,"column":3}},"33":{"start":{"line":84,"column":2},"end":{"line":109,"column":3}},"34":{"start":{"line":85,"column":15},"end":{"line":85,"column":28}},"35":{"start":{"line":86,"column":36},"end":{"line":86,"column":44}},"36":{"start":{"line":88,"column":4},"end":{"line":90,"column":5}},"37":{"start":{"line":89,"column":6},"end":{"line":89,"column":67}},"38":{"start":{"line":92,"column":4},"end":{"line":94,"column":5}},"39":{"start":{"line":93,"column":6},"end":{"line":93,"column":69}},"40":{"start":{"line":96,"column":28},"end":{"line":96,"column":104}},"41":{"start":{"line":98,"column":4},"end":{"line":100,"column":5}},"42":{"start":{"line":99,"column":6},"end":{"line":99,"column":45}},"43":{"start":{"line":102,"column":4},"end":{"line":105,"column":7}},"44":{"start":{"line":107,"column":4},"end":{"line":107,"column":61}},"45":{"start":{"line":108,"column":4},"end":{"line":108,"column":73}},"46":{"start":{"line":117,"column":0},"end":{"line":144,"column":3}},"47":{"start":{"line":118,"column":2},"end":{"line":143,"column":3}},"48":{"start":{"line":119,"column":15},"end":{"line":119,"column":28}},"49":{"start":{"line":120,"column":33},"end":{"line":120,"column":41}},"50":{"start":{"line":122,"column":4},"end":{"line":124,"column":5}},"51":{"start":{"line":123,"column":6},"end":{"line":123,"column":69}},"52":{"start":{"line":126,"column":4},"end":{"line":128,"column":5}},"53":{"start":{"line":127,"column":6},"end":{"line":127,"column":79}},"54":{"start":{"line":130,"column":28},"end":{"line":130,"column":95}},"55":{"start":{"line":132,"column":4},"end":{"line":134,"column":5}},"56":{"start":{"line":133,"column":6},"end":{"line":133,"column":45}},"57":{"start":{"line":136,"column":4},"end":{"line":139,"column":7}},"58":{"start":{"line":141,"column":4},"end":{"line":141,"column":54}},"59":{"start":{"line":142,"column":4},"end":{"line":142,"column":66}},"60":{"start":{"line":146,"column":0},"end":{"line":146,"column":24}}},"fnMap":{"0":{"name":"(anonymous_0)","decl":{"start":{"line":10,"column":28},"end":{"line":10,"column":29}},"loc":{"start":{"line":10,"column":48},"end":{"line":25,"column":1}},"line":10},"1":{"name":"(anonymous_1)","decl":{"start":{"line":32,"column":30},"end":{"line":32,"column":31}},"loc":{"start":{"line":32,"column":50},"end":{"line":47,"column":1}},"line":32},"2":{"name":"(anonymous_2)","decl":{"start":{"line":54,"column":22},"end":{"line":54,"column":23}},"loc":{"start":{"line":54,"column":42},"end":{"line":76,"column":1}},"line":54},"3":{"name":"(anonymous_3)","decl":{"start":{"line":83,"column":26},"end":{"line":83,"column":27}},"loc":{"start":{"line":83,"column":46},"end":{"line":110,"column":1}},"line":83},"4":{"name":"(anonymous_4)","decl":{"start":{"line":117,"column":28},"end":{"line":117,"column":29}},"loc":{"start":{"line":117,"column":48},"end":{"line":144,"column":1}},"line":117}},"branchMap":{"0":{"loc":{"start":{"line":16,"column":4},"end":{"line":18,"column":5}},"type":"if","locations":[{"start":{"line":16,"column":4},"end":{"line":18,"column":5}},{"start":{},"end":{}}],"line":16},"1":{"loc":{"start":{"line":38,"column":4},"end":{"line":40,"column":5}},"type":"if","locations":[{"start":{"line":38,"column":4},"end":{"line":40,"column":5}},{"start":{},"end":{}}],"line":38},"2":{"loc":{"start":{"line":58,"column":4},"end":{"line":60,"column":5}},"type":"if","locations":[{"start":{"line":58,"column":4},"end":{"line":60,"column":5}},{"start":{},"end":{}}],"line":58},"3":{"loc":{"start":{"line":58,"column":8},"end":{"line":58,"column":27}},"type":"binary-expr","locations":[{"start":{"line":58,"column":8},"end":{"line":58,"column":15}},{"start":{"line":58,"column":19},"end":{"line":58,"column":27}}],"line":58},"4":{"loc":{"start":{"line":64,"column":4},"end":{"line":66,"column":5}},"type":"if","locations":[{"start":{"line":64,"column":4},"end":{"line":66,"column":5}},{"start":{},"end":{}}],"line":64},"5":{"loc":{"start":{"line":88,"column":4},"end":{"line":90,"column":5}},"type":"if","locations":[{"start":{"line":88,"column":4},"end":{"line":90,"column":5}},{"start":{},"end":{}}],"line":88},"6":{"loc":{"start":{"line":92,"column":4},"end":{"line":94,"column":5}},"type":"if","locations":[{"start":{"line":92,"column":4},"end":{"line":94,"column":5}},{"start":{},"end":{}}],"line":92},"7":{"loc":{"start":{"line":98,"column":4},"end":{"line":100,"column":5}},"type":"if","locations":[{"start":{"line":98,"column":4},"end":{"line":100,"column":5}},{"start":{},"end":{}}],"line":98},"8":{"loc":{"start":{"line":122,"column":4},"end":{"line":124,"column":5}},"type":"if","locations":[{"start":{"line":122,"column":4},"end":{"line":124,"column":5}},{"start":{},"end":{}}],"line":122},"9":{"loc":{"start":{"line":126,"column":4},"end":{"line":128,"column":5}},"type":"if","locations":[{"start":{"line":126,"column":4},"end":{"line":128,"column":5}},{"start":{},"end":{}}],"line":126},"10":{"loc":{"start":{"line":126,"column":8},"end":{"line":126,"column":44}},"type":"binary-expr","locations":[{"start":{"line":126,"column":8},"end":{"line":126,"column":14}},{"start":{"line":126,"column":19},"end":{"line":126,"column":29}},{"start":{"line":126,"column":33},"end":{"line":126,"column":43}}],"line":126},"11":{"loc":{"start":{"line":132,"column":4},"end":{"line":134,"column":5}},"type":"if","locations":[{"start":{"line":132,"column":4},"end":{"line":134,"column":5}},{"start":{},"end":{}}],"line":132}},"s":{"0":1,"1":1,"2":1,"3":1,"4":3,"5":3,"6":3,"7":2,"8":1,"9":1,"10":1,"11":1,"12":1,"13":3,"14":3,"15":3,"16":2,"17":1,"18":1,"19":1,"20":1,"21":1,"22":4,"23":4,"24":4,"25":1,"26":3,"27":2,"28":1,"29":1,"30":1,"31":1,"32":1,"33":6,"34":6,"35":6,"36":6,"37":1,"38":5,"39":1,"40":4,"41":3,"42":1,"43":2,"44":1,"45":1,"46":1,"47":5,"48":5,"49":5,"50":5,"51":1,"52":4,"53":1,"54":3,"55":2,"56":1,"57":1,"58":1,"59":1,"60":1},"f":{"0":3,"1":3,"2":4,"3":6,"4":5},"b":{"0":[1,1],"1":[1,1],"2":[1,3],"3":[4,4],"4":[1,1],"5":[1,5],"6":[1,4],"7":[1,2],"8":[1,4],"9":[1,3],"10":[4,4,4],"11":[1,1]},"_coverageSchema":"1a1c01bbd47fc00a2c39e90264f33305004495a9","hash":"e1d861eb286a2d4cb03a2de15aed3e8867e02927"}
,"C:\\Coding\\volunteer-webapp-final\\server\\routes\\logs.js": {"path":"C:\\Coding\\volunteer-webapp-final\\server\\routes\\logs.js","statementMap":{"0":{"start":{"line":1,"column":16},"end":{"line":1,"column":34}},"1":{"start":{"line":2,"column":15},"end":{"line":2,"column":31}},"2":{"start":{"line":3,"column":17},"end":{"line":3,"column":46}},"3":{"start":{"line":6,"column":13},"end":{"line":6,"column":15}},"4":{"start":{"line":12,"column":0},"end":{"line":14,"column":3}},"5":{"start":{"line":13,"column":2},"end":{"line":13,"column":17}},"6":{"start":{"line":20,"column":0},"end":{"line":40,"column":3}},"7":{"start":{"line":21,"column":28},"end":{"line":21,"column":36}},"8":{"start":{"line":22,"column":20},"end":{"line":22,"column":30}},"9":{"start":{"line":24,"column":14},"end":{"line":28,"column":3}},"10":{"start":{"line":30,"column":2},"end":{"line":30,"column":47}},"11":{"start":{"line":32,"column":2},"end":{"line":32,"column":17}},"12":{"start":{"line":35,"column":2},"end":{"line":37,"column":3}},"13":{"start":{"line":36,"column":4},"end":{"line":36,"column":17}},"14":{"start":{"line":39,"column":2},"end":{"line":39,"column":42}},"15":{"start":{"line":46,"column":0},"end":{"line":49,"column":3}},"16":{"start":{"line":47,"column":2},"end":{"line":47,"column":18}},"17":{"start":{"line":48,"column":2},"end":{"line":48,"column":55}},"18":{"start":{"line":52,"column":0},"end":{"line":71,"column":3}},"19":{"start":{"line":53,"column":2},"end":{"line":70,"column":3}},"20":{"start":{"line":55,"column":28},"end":{"line":58,"column":48}},"21":{"start":{"line":60,"column":4},"end":{"line":63,"column":5}},"22":{"start":{"line":61,"column":6},"end":{"line":61,"column":57}},"23":{"start":{"line":62,"column":6},"end":{"line":62,"column":60}},"24":{"start":{"line":65,"column":4},"end":{"line":65,"column":70}},"25":{"start":{"line":66,"column":4},"end":{"line":66,"column":25}},"26":{"start":{"line":68,"column":4},"end":{"line":68,"column":58}},"27":{"start":{"line":69,"column":4},"end":{"line":69,"column":51}},"28":{"start":{"line":74,"column":0},"end":{"line":96,"column":3}},"29":{"start":{"line":75,"column":2},"end":{"line":95,"column":3}},"30":{"start":{"line":76,"column":19},"end":{"line":76,"column":36}},"31":{"start":{"line":79,"column":28},"end":{"line":82,"column":23}},"32":{"start":{"line":84,"column":4},"end":{"line":86,"column":5}},"33":{"start":{"line":85,"column":6},"end":{"line":85,"column":60}},"34":{"start":{"line":88,"column":4},"end":{"line":90,"column":5}},"35":{"start":{"line":89,"column":6},"end":{"line":89,"column":66}},"36":{"start":{"line":92,"column":4},"end":{"line":92,"column":22}},"37":{"start":{"line":94,"column":4},"end":{"line":94,"column":51}},"38":{"start":{"line":98,"column":0},"end":{"line":98,"column":24}}},"fnMap":{"0":{"name":"(anonymous_0)","decl":{"start":{"line":12,"column":16},"end":{"line":12,"column":17}},"loc":{"start":{"line":12,"column":30},"end":{"line":14,"column":1}},"line":12},"1":{"name":"(anonymous_1)","decl":{"start":{"line":20,"column":17},"end":{"line":20,"column":18}},"loc":{"start":{"line":20,"column":31},"end":{"line":40,"column":1}},"line":20},"2":{"name":"(anonymous_2)","decl":{"start":{"line":46,"column":19},"end":{"line":46,"column":20}},"loc":{"start":{"line":46,"column":33},"end":{"line":49,"column":1}},"line":46},"3":{"name":"(anonymous_3)","decl":{"start":{"line":52,"column":26},"end":{"line":52,"column":27}},"loc":{"start":{"line":52,"column":46},"end":{"line":71,"column":1}},"line":52},"4":{"name":"(anonymous_4)","decl":{"start":{"line":74,"column":37},"end":{"line":74,"column":38}},"loc":{"start":{"line":74,"column":57},"end":{"line":96,"column":1}},"line":74}},"branchMap":{"0":{"loc":{"start":{"line":35,"column":2},"end":{"line":37,"column":3}},"type":"if","locations":[{"start":{"line":35,"column":2},"end":{"line":37,"column":3}},{"start":{},"end":{}}],"line":35},"1":{"loc":{"start":{"line":60,"column":4},"end":{"line":63,"column":5}},"type":"if","locations":[{"start":{"line":60,"column":4},"end":{"line":63,"column":5}},{"start":{},"end":{}}],"line":60},"2":{"loc":{"start":{"line":65,"column":25},"end":{"line":65,"column":47}},"type":"cond-expr","locations":[{"start":{"line":65,"column":32},"end":{"line":65,"column":43}},{"start":{"line":65,"column":46},"end":{"line":65,"column":47}}],"line":65},"3":{"loc":{"start":{"line":66,"column":13},"end":{"line":66,"column":23}},"type":"binary-expr","locations":[{"start":{"line":66,"column":13},"end":{"line":66,"column":17}},{"start":{"line":66,"column":21},"end":{"line":66,"column":23}}],"line":66},"4":{"loc":{"start":{"line":84,"column":4},"end":{"line":86,"column":5}},"type":"if","locations":[{"start":{"line":84,"column":4},"end":{"line":86,"column":5}},{"start":{},"end":{}}],"line":84},"5":{"loc":{"start":{"line":88,"column":4},"end":{"line":90,"column":5}},"type":"if","locations":[{"start":{"line":88,"column":4},"end":{"line":90,"column":5}},{"start":{},"end":{}}],"line":88},"6":{"loc":{"start":{"line":88,"column":8},"end":{"line":88,"column":34}},"type":"binary-expr","locations":[{"start":{"line":88,"column":8},"end":{"line":88,"column":13}},{"start":{"line":88,"column":17},"end":{"line":88,"column":34}}],"line":88}},"s":{"0":1,"1":1,"2":1,"3":1,"4":1,"5":4,"6":1,"7":103,"8":103,"9":103,"10":103,"11":103,"12":103,"13":3,"14":103,"15":1,"16":1,"17":1,"18":1,"19":3,"20":3,"21":2,"22":1,"23":1,"24":1,"25":1,"26":1,"27":1,"28":1,"29":4,"30":4,"31":4,"32":3,"33":1,"34":2,"35":1,"36":1,"37":1,"38":1},"f":{"0":4,"1":103,"2":1,"3":3,"4":4},"b":{"0":[3,100],"1":[1,1],"2":[1,0],"3":[1,0],"4":[1,2],"5":[1,1],"6":[2,2]},"_coverageSchema":"1a1c01bbd47fc00a2c39e90264f33305004495a9","hash":"b73a68209a4b4b216ff3ba9bda6136a276159c55"}
,"C:\\Coding\\volunteer-webapp-final\\server\\routes\\profile.js": {"path":"C:\\Coding\\volunteer-webapp-final\\server\\routes\\profile.js","statementMap":{"0":{"start":{"line":1,"column":16},"end":{"line":1,"column":34}},"1":{"start":{"line":2,"column":15},"end":{"line":2,"column":31}},"2":{"start":{"line":3,"column":23},"end":{"line":3,"column":60}},"3":{"start":{"line":10,"column":0},"end":{"line":47,"column":3}},"4":{"start":{"line":11,"column":2},"end":{"line":46,"column":3}},"5":{"start":{"line":12,"column":19},"end":{"line":12,"column":36}},"6":{"start":{"line":15,"column":51},"end":{"line":15,"column":90}},"7":{"start":{"line":17,"column":4},"end":{"line":19,"column":5}},"8":{"start":{"line":18,"column":6},"end":{"line":18,"column":66}},"9":{"start":{"line":22,"column":49},"end":{"line":22,"column":87}},"10":{"start":{"line":24,"column":4},"end":{"line":26,"column":5}},"11":{"start":{"line":25,"column":6},"end":{"line":25,"column":59}},"12":{"start":{"line":29,"column":61},"end":{"line":29,"column":105}},"13":{"start":{"line":31,"column":4},"end":{"line":33,"column":5}},"14":{"start":{"line":32,"column":6},"end":{"line":32,"column":71}},"15":{"start":{"line":36,"column":21},"end":{"line":40,"column":5}},"16":{"start":{"line":42,"column":4},"end":{"line":42,"column":23}},"17":{"start":{"line":44,"column":4},"end":{"line":44,"column":52}},"18":{"start":{"line":45,"column":4},"end":{"line":45,"column":63}},"19":{"start":{"line":54,"column":0},"end":{"line":81,"column":3}},"20":{"start":{"line":55,"column":2},"end":{"line":80,"column":3}},"21":{"start":{"line":56,"column":22},"end":{"line":56,"column":31}},"22":{"start":{"line":57,"column":4},"end":{"line":57,"column":60}},"23":{"start":{"line":59,"column":4},"end":{"line":61,"column":5}},"24":{"start":{"line":60,"column":6},"end":{"line":60,"column":91}},"25":{"start":{"line":64,"column":28},"end":{"line":67,"column":39}},"26":{"start":{"line":69,"column":4},"end":{"line":69,"column":56}},"27":{"start":{"line":70,"column":4},"end":{"line":70,"column":55}},"28":{"start":{"line":72,"column":4},"end":{"line":74,"column":5}},"29":{"start":{"line":73,"column":6},"end":{"line":73,"column":60}},"30":{"start":{"line":76,"column":4},"end":{"line":76,"column":19}},"31":{"start":{"line":78,"column":4},"end":{"line":78,"column":60}},"32":{"start":{"line":79,"column":4},"end":{"line":79,"column":51}},"33":{"start":{"line":88,"column":0},"end":{"line":173,"column":3}},"34":{"start":{"line":89,"column":2},"end":{"line":172,"column":3}},"35":{"start":{"line":90,"column":19},"end":{"line":90,"column":36}},"36":{"start":{"line":100,"column":8},"end":{"line":100,"column":16}},"37":{"start":{"line":103,"column":24},"end":{"line":110,"column":5}},"38":{"start":{"line":112,"column":36},"end":{"line":112,"column":91}},"39":{"start":{"line":114,"column":4},"end":{"line":116,"column":5}},"40":{"start":{"line":115,"column":6},"end":{"line":115,"column":59}},"41":{"start":{"line":119,"column":4},"end":{"line":131,"column":5}},"42":{"start":{"line":121,"column":30},"end":{"line":124,"column":9}},"43":{"start":{"line":121,"column":51},"end":{"line":124,"column":7}},"44":{"start":{"line":126,"column":37},"end":{"line":126,"column":93}},"45":{"start":{"line":128,"column":6},"end":{"line":130,"column":7}},"46":{"start":{"line":129,"column":8},"end":{"line":129,"column":59}},"47":{"start":{"line":134,"column":4},"end":{"line":166,"column":5}},"48":{"start":{"line":136,"column":36},"end":{"line":159,"column":8}},"49":{"start":{"line":137,"column":21},"end":{"line":137,"column":35}},"50":{"start":{"line":139,"column":25},"end":{"line":139,"column":103}},"51":{"start":{"line":140,"column":26},"end":{"line":140,"column":49}},"52":{"start":{"line":143,"column":22},"end":{"line":143,"column":65}},"53":{"start":{"line":144,"column":24},"end":{"line":144,"column":69}},"54":{"start":{"line":145,"column":26},"end":{"line":145,"column":50}},"55":{"start":{"line":148,"column":24},"end":{"line":148,"column":38}},"56":{"start":{"line":149,"column":8},"end":{"line":149,"column":49}},"57":{"start":{"line":150,"column":25},"end":{"line":150,"column":71}},"58":{"start":{"line":151,"column":27},"end":{"line":151,"column":75}},"59":{"start":{"line":152,"column":24},"end":{"line":152,"column":54}},"60":{"start":{"line":154,"column":8},"end":{"line":158,"column":10}},"61":{"start":{"line":161,"column":43},"end":{"line":161,"column":111}},"62":{"start":{"line":163,"column":6},"end":{"line":165,"column":7}},"63":{"start":{"line":164,"column":8},"end":{"line":164,"column":71}},"64":{"start":{"line":168,"column":4},"end":{"line":168,"column":58}},"65":{"start":{"line":170,"column":4},"end":{"line":170,"column":52}},"66":{"start":{"line":171,"column":4},"end":{"line":171,"column":64}},"67":{"start":{"line":175,"column":0},"end":{"line":175,"column":24}}},"fnMap":{"0":{"name":"(anonymous_0)","decl":{"start":{"line":10,"column":23},"end":{"line":10,"column":24}},"loc":{"start":{"line":10,"column":43},"end":{"line":47,"column":1}},"line":10},"1":{"name":"(anonymous_1)","decl":{"start":{"line":54,"column":22},"end":{"line":54,"column":23}},"loc":{"start":{"line":54,"column":42},"end":{"line":81,"column":1}},"line":54},"2":{"name":"(anonymous_2)","decl":{"start":{"line":88,"column":24},"end":{"line":88,"column":25}},"loc":{"start":{"line":88,"column":44},"end":{"line":173,"column":1}},"line":88},"3":{"name":"(anonymous_3)","decl":{"start":{"line":121,"column":41},"end":{"line":121,"column":42}},"loc":{"start":{"line":121,"column":51},"end":{"line":124,"column":7}},"line":121},"4":{"name":"(anonymous_4)","decl":{"start":{"line":136,"column":53},"end":{"line":136,"column":54}},"loc":{"start":{"line":136,"column":61},"end":{"line":159,"column":7}},"line":136}},"branchMap":{"0":{"loc":{"start":{"line":17,"column":4},"end":{"line":19,"column":5}},"type":"if","locations":[{"start":{"line":17,"column":4},"end":{"line":19,"column":5}},{"start":{},"end":{}}],"line":17},"1":{"loc":{"start":{"line":24,"column":4},"end":{"line":26,"column":5}},"type":"if","locations":[{"start":{"line":24,"column":4},"end":{"line":26,"column":5}},{"start":{},"end":{}}],"line":24},"2":{"loc":{"start":{"line":31,"column":4},"end":{"line":33,"column":5}},"type":"if","locations":[{"start":{"line":31,"column":4},"end":{"line":33,"column":5}},{"start":{},"end":{}}],"line":31},"3":{"loc":{"start":{"line":38,"column":14},"end":{"line":38,"column":26}},"type":"binary-expr","locations":[{"start":{"line":38,"column":14},"end":{"line":38,"column":20}},{"start":{"line":38,"column":24},"end":{"line":38,"column":26}}],"line":38},"4":{"loc":{"start":{"line":39,"column":20},"end":{"line":39,"column":38}},"type":"binary-expr","locations":[{"start":{"line":39,"column":20},"end":{"line":39,"column":32}},{"start":{"line":39,"column":36},"end":{"line":39,"column":38}}],"line":39},"5":{"loc":{"start":{"line":59,"column":4},"end":{"line":61,"column":5}},"type":"if","locations":[{"start":{"line":59,"column":4},"end":{"line":61,"column":5}},{"start":{},"end":{}}],"line":59},"6":{"loc":{"start":{"line":59,"column":8},"end":{"line":59,"column":34}},"type":"binary-expr","locations":[{"start":{"line":59,"column":8},"end":{"line":59,"column":14}},{"start":{"line":59,"column":18},"end":{"line":59,"column":34}}],"line":59},"7":{"loc":{"start":{"line":72,"column":4},"end":{"line":74,"column":5}},"type":"if","locations":[{"start":{"line":72,"column":4},"end":{"line":74,"column":5}},{"start":{},"end":{}}],"line":72},"8":{"loc":{"start":{"line":106,"column":17},"end":{"line":106,"column":33}},"type":"binary-expr","locations":[{"start":{"line":106,"column":17},"end":{"line":106,"column":25}},{"start":{"line":106,"column":29},"end":{"line":106,"column":33}}],"line":106},"9":{"loc":{"start":{"line":114,"column":4},"end":{"line":116,"column":5}},"type":"if","locations":[{"start":{"line":114,"column":4},"end":{"line":116,"column":5}},{"start":{},"end":{}}],"line":114},"10":{"loc":{"start":{"line":119,"column":4},"end":{"line":131,"column":5}},"type":"if","locations":[{"start":{"line":119,"column":4},"end":{"line":131,"column":5}},{"start":{},"end":{}}],"line":119},"11":{"loc":{"start":{"line":119,"column":8},"end":{"line":119,"column":73}},"type":"binary-expr","locations":[{"start":{"line":119,"column":8},"end":{"line":119,"column":14}},{"start":{"line":119,"column":18},"end":{"line":119,"column":39}},{"start":{"line":119,"column":43},"end":{"line":119,"column":60}},{"start":{"line":119,"column":64},"end":{"line":119,"column":73}}],"line":119},"12":{"loc":{"start":{"line":128,"column":6},"end":{"line":130,"column":7}},"type":"if","locations":[{"start":{"line":128,"column":6},"end":{"line":130,"column":7}},{"start":{},"end":{}}],"line":128},"13":{"loc":{"start":{"line":134,"column":4},"end":{"line":166,"column":5}},"type":"if","locations":[{"start":{"line":134,"column":4},"end":{"line":166,"column":5}},{"start":{},"end":{}}],"line":134},"14":{"loc":{"start":{"line":134,"column":8},"end":{"line":134,"column":97}},"type":"binary-expr","locations":[{"start":{"line":134,"column":8},"end":{"line":134,"column":20}},{"start":{"line":134,"column":24},"end":{"line":134,"column":51}},{"start":{"line":134,"column":55},"end":{"line":134,"column":78}},{"start":{"line":134,"column":82},"end":{"line":134,"column":97}}],"line":134},"15":{"loc":{"start":{"line":163,"column":6},"end":{"line":165,"column":7}},"type":"if","locations":[{"start":{"line":163,"column":6},"end":{"line":165,"column":7}},{"start":{},"end":{}}],"line":163}},"s":{"0":1,"1":1,"2":1,"3":1,"4":3,"5":3,"6":3,"7":2,"8":1,"9":1,"10":1,"11":0,"12":1,"13":1,"14":0,"15":1,"16":1,"17":1,"18":1,"19":1,"20":0,"21":0,"22":0,"23":0,"24":0,"25":0,"26":0,"27":0,"28":0,"29":0,"30":0,"31":0,"32":0,"33":1,"34":4,"35":4,"36":4,"37":4,"38":4,"39":2,"40":1,"41":1,"42":0,"43":0,"44":0,"45":0,"46":0,"47":1,"48":0,"49":0,"50":0,"51":0,"52":0,"53":0,"54":0,"55":0,"56":0,"57":0,"58":0,"59":0,"60":0,"61":0,"62":0,"63":0,"64":1,"65":2,"66":2,"67":1},"f":{"0":3,"1":0,"2":4,"3":0,"4":0},"b":{"0":[1,1],"1":[0,1],"2":[0,1],"3":[1,0],"4":[1,0],"5":[0,0],"6":[0,0],"7":[0,0],"8":[4,4],"9":[1,1],"10":[0,1],"11":[1,0,0,0],"12":[0,0],"13":[0,1],"14":[1,0,0,0],"15":[0,0]},"_coverageSchema":"1a1c01bbd47fc00a2c39e90264f33305004495a9","hash":"f166a8c3b70a7eec4a95eb06fceebd984c83f57b"}
,"C:\\Coding\\volunteer-webapp-final\\server\\routes\\states.js": {"path":"C:\\Coding\\volunteer-webapp-final\\server\\routes\\states.js","statementMap":{"0":{"start":{"line":1,"column":16},"end":{"line":1,"column":34}},"1":{"start":{"line":2,"column":15},"end":{"line":2,"column":31}},"2":{"start":{"line":3,"column":23},"end":{"line":3,"column":60}},"3":{"start":{"line":10,"column":0},"end":{"line":23,"column":3}},"4":{"start":{"line":11,"column":2},"end":{"line":22,"column":3}},"5":{"start":{"line":12,"column":28},"end":{"line":12,"column":64}},"6":{"start":{"line":14,"column":4},"end":{"line":16,"column":5}},"7":{"start":{"line":15,"column":6},"end":{"line":15,"column":45}},"8":{"start":{"line":18,"column":4},"end":{"line":18,"column":19}},"9":{"start":{"line":20,"column":4},"end":{"line":20,"column":51}},"10":{"start":{"line":21,"column":4},"end":{"line":21,"column":67}},"11":{"start":{"line":25,"column":0},"end":{"line":25,"column":24}}},"fnMap":{"0":{"name":"(anonymous_0)","decl":{"start":{"line":10,"column":16},"end":{"line":10,"column":17}},"loc":{"start":{"line":10,"column":36},"end":{"line":23,"column":1}},"line":10}},"branchMap":{"0":{"loc":{"start":{"line":14,"column":4},"end":{"line":16,"column":5}},"type":"if","locations":[{"start":{"line":14,"column":4},"end":{"line":16,"column":5}},{"start":{},"end":{}}],"line":14}},"s":{"0":1,"1":1,"2":1,"3":1,"4":3,"5":3,"6":2,"7":1,"8":1,"9":1,"10":1,"11":1},"f":{"0":3},"b":{"0":[1,1]},"_coverageSchema":"1a1c01bbd47fc00a2c39e90264f33305004495a9","hash":"0cb1f5d8b14e65fa30ad7911fea89914076609c6"}
,"C:\\Coding\\volunteer-webapp-final\\server\\routes\\volunteer-matching.js": {"path":"C:\\Coding\\volunteer-webapp-final\\server\\routes\\volunteer-matching.js","statementMap":{"0":{"start":{"line":1,"column":16},"end":{"line":1,"column":34}},"1":{"start":{"line":2,"column":15},"end":{"line":2,"column":31}},"2":{"start":{"line":3,"column":17},"end":{"line":3,"column":46}},"3":{"start":{"line":4,"column":23},"end":{"line":4,"column":60}},"4":{"start":{"line":5,"column":21},"end":{"line":5,"column":56}},"5":{"start":{"line":12,"column":0},"end":{"line":68,"column":3}},"6":{"start":{"line":13,"column":2},"end":{"line":67,"column":3}},"7":{"start":{"line":14,"column":22},"end":{"line":14,"column":31}},"8":{"start":{"line":15,"column":4},"end":{"line":15,"column":72}},"9":{"start":{"line":17,"column":4},"end":{"line":20,"column":5}},"10":{"start":{"line":18,"column":6},"end":{"line":18,"column":44}},"11":{"start":{"line":19,"column":6},"end":{"line":19,"column":91}},"12":{"start":{"line":23,"column":4},"end":{"line":23,"column":63}},"13":{"start":{"line":26,"column":26},"end":{"line":29,"column":29}},"14":{"start":{"line":31,"column":4},"end":{"line":31,"column":46}},"15":{"start":{"line":34,"column":4},"end":{"line":43,"column":5}},"16":{"start":{"line":35,"column":51},"end":{"line":38,"column":41}},"17":{"start":{"line":40,"column":6},"end":{"line":40,"column":22}},"18":{"start":{"line":41,"column":6},"end":{"line":41,"column":24}},"19":{"start":{"line":42,"column":6},"end":{"line":42,"column":48}},"20":{"start":{"line":46,"column":4},"end":{"line":55,"column":5}},"21":{"start":{"line":47,"column":53},"end":{"line":50,"column":37}},"22":{"start":{"line":52,"column":6},"end":{"line":52,"column":23}},"23":{"start":{"line":53,"column":6},"end":{"line":53,"column":25}},"24":{"start":{"line":54,"column":6},"end":{"line":54,"column":48}},"25":{"start":{"line":57,"column":4},"end":{"line":60,"column":5}},"26":{"start":{"line":58,"column":6},"end":{"line":58,"column":60}},"27":{"start":{"line":59,"column":6},"end":{"line":59,"column":60}},"28":{"start":{"line":62,"column":4},"end":{"line":62,"column":51}},"29":{"start":{"line":63,"column":4},"end":{"line":63,"column":25}},"30":{"start":{"line":65,"column":4},"end":{"line":65,"column":51}},"31":{"start":{"line":66,"column":4},"end":{"line":66,"column":71}},"32":{"start":{"line":75,"column":0},"end":{"line":119,"column":3}},"33":{"start":{"line":76,"column":2},"end":{"line":118,"column":3}},"34":{"start":{"line":77,"column":19},"end":{"line":77,"column":36}},"35":{"start":{"line":78,"column":4},"end":{"line":78,"column":63}},"36":{"start":{"line":81,"column":19},"end":{"line":81,"column":58}},"37":{"start":{"line":82,"column":24},"end":{"line":82,"column":35}},"38":{"start":{"line":83,"column":25},"end":{"line":83,"column":37}},"39":{"start":{"line":85,"column":4},"end":{"line":88,"column":5}},"40":{"start":{"line":86,"column":6},"end":{"line":86,"column":58}},"41":{"start":{"line":87,"column":6},"end":{"line":87,"column":66}},"42":{"start":{"line":91,"column":17},"end":{"line":91,"column":41}},"43":{"start":{"line":92,"column":23},"end":{"line":92,"column":53}},"44":{"start":{"line":94,"column":4},"end":{"line":101,"column":5}},"45":{"start":{"line":96,"column":27},"end":{"line":96,"column":65}},"46":{"start":{"line":97,"column":33},"end":{"line":97,"column":77}},"47":{"start":{"line":99,"column":6},"end":{"line":99,"column":39}},"48":{"start":{"line":100,"column":6},"end":{"line":100,"column":51}},"49":{"start":{"line":104,"column":21},"end":{"line":111,"column":5}},"50":{"start":{"line":113,"column":4},"end":{"line":113,"column":50}},"51":{"start":{"line":114,"column":4},"end":{"line":114,"column":23}},"52":{"start":{"line":116,"column":4},"end":{"line":116,"column":57}},"53":{"start":{"line":117,"column":4},"end":{"line":117,"column":68}},"54":{"start":{"line":126,"column":0},"end":{"line":162,"column":3}},"55":{"start":{"line":127,"column":2},"end":{"line":161,"column":3}},"56":{"start":{"line":128,"column":23},"end":{"line":128,"column":32}},"57":{"start":{"line":129,"column":4},"end":{"line":129,"column":62}},"58":{"start":{"line":131,"column":4},"end":{"line":146,"column":5}},"59":{"start":{"line":133,"column":30},"end":{"line":137,"column":49}},"60":{"start":{"line":139,"column":6},"end":{"line":142,"column":7}},"61":{"start":{"line":140,"column":8},"end":{"line":140,"column":59}},"62":{"start":{"line":141,"column":8},"end":{"line":141,"column":62}},"63":{"start":{"line":144,"column":6},"end":{"line":144,"column":64}},"64":{"start":{"line":145,"column":6},"end":{"line":145,"column":34}},"65":{"start":{"line":149,"column":28},"end":{"line":149,"column":73}},"66":{"start":{"line":151,"column":4},"end":{"line":154,"column":5}},"67":{"start":{"line":152,"column":6},"end":{"line":152,"column":61}},"68":{"start":{"line":153,"column":6},"end":{"line":153,"column":45}},"69":{"start":{"line":156,"column":4},"end":{"line":156,"column":71}},"70":{"start":{"line":157,"column":4},"end":{"line":157,"column":25}},"71":{"start":{"line":159,"column":4},"end":{"line":159,"column":59}},"72":{"start":{"line":160,"column":4},"end":{"line":160,"column":70}},"73":{"start":{"line":169,"column":0},"end":{"line":195,"column":3}},"74":{"start":{"line":170,"column":2},"end":{"line":194,"column":3}},"75":{"start":{"line":171,"column":32},"end":{"line":171,"column":40}},"76":{"start":{"line":172,"column":4},"end":{"line":172,"column":60}},"77":{"start":{"line":174,"column":4},"end":{"line":176,"column":5}},"78":{"start":{"line":175,"column":6},"end":{"line":175,"column":82}},"79":{"start":{"line":179,"column":28},"end":{"line":179,"column":77}},"80":{"start":{"line":181,"column":4},"end":{"line":184,"column":5}},"81":{"start":{"line":182,"column":6},"end":{"line":182,"column":56}},"82":{"start":{"line":183,"column":6},"end":{"line":183,"column":45}},"83":{"start":{"line":186,"column":4},"end":{"line":186,"column":57}},"84":{"start":{"line":187,"column":4},"end":{"line":190,"column":7}},"85":{"start":{"line":192,"column":4},"end":{"line":192,"column":54}},"86":{"start":{"line":193,"column":4},"end":{"line":193,"column":65}},"87":{"start":{"line":197,"column":0},"end":{"line":197,"column":24}}},"fnMap":{"0":{"name":"(anonymous_0)","decl":{"start":{"line":12,"column":21},"end":{"line":12,"column":22}},"loc":{"start":{"line":12,"column":41},"end":{"line":68,"column":1}},"line":12},"1":{"name":"(anonymous_1)","decl":{"start":{"line":75,"column":28},"end":{"line":75,"column":29}},"loc":{"start":{"line":75,"column":48},"end":{"line":119,"column":1}},"line":75},"2":{"name":"(anonymous_2)","decl":{"start":{"line":126,"column":22},"end":{"line":126,"column":23}},"loc":{"start":{"line":126,"column":42},"end":{"line":162,"column":1}},"line":126},"3":{"name":"(anonymous_3)","decl":{"start":{"line":169,"column":22},"end":{"line":169,"column":23}},"loc":{"start":{"line":169,"column":42},"end":{"line":195,"column":1}},"line":169}},"branchMap":{"0":{"loc":{"start":{"line":17,"column":4},"end":{"line":20,"column":5}},"type":"if","locations":[{"start":{"line":17,"column":4},"end":{"line":20,"column":5}},{"start":{},"end":{}}],"line":17},"1":{"loc":{"start":{"line":17,"column":8},"end":{"line":17,"column":34}},"type":"binary-expr","locations":[{"start":{"line":17,"column":8},"end":{"line":17,"column":14}},{"start":{"line":17,"column":18},"end":{"line":17,"column":34}}],"line":17},"2":{"loc":{"start":{"line":34,"column":4},"end":{"line":43,"column":5}},"type":"if","locations":[{"start":{"line":34,"column":4},"end":{"line":43,"column":5}},{"start":{},"end":{}}],"line":34},"3":{"loc":{"start":{"line":34,"column":8},"end":{"line":34,"column":34}},"type":"binary-expr","locations":[{"start":{"line":34,"column":8},"end":{"line":34,"column":13}},{"start":{"line":34,"column":17},"end":{"line":34,"column":34}}],"line":34},"4":{"loc":{"start":{"line":46,"column":4},"end":{"line":55,"column":5}},"type":"if","locations":[{"start":{"line":46,"column":4},"end":{"line":55,"column":5}},{"start":{},"end":{}}],"line":46},"5":{"loc":{"start":{"line":46,"column":8},"end":{"line":46,"column":34}},"type":"binary-expr","locations":[{"start":{"line":46,"column":8},"end":{"line":46,"column":13}},{"start":{"line":46,"column":17},"end":{"line":46,"column":34}}],"line":46},"6":{"loc":{"start":{"line":57,"column":4},"end":{"line":60,"column":5}},"type":"if","locations":[{"start":{"line":57,"column":4},"end":{"line":60,"column":5}},{"start":{},"end":{}}],"line":57},"7":{"loc":{"start":{"line":63,"column":13},"end":{"line":63,"column":23}},"type":"binary-expr","locations":[{"start":{"line":63,"column":13},"end":{"line":63,"column":17}},{"start":{"line":63,"column":21},"end":{"line":63,"column":23}}],"line":63},"8":{"loc":{"start":{"line":85,"column":4},"end":{"line":88,"column":5}},"type":"if","locations":[{"start":{"line":85,"column":4},"end":{"line":88,"column":5}},{"start":{},"end":{}}],"line":85},"9":{"loc":{"start":{"line":85,"column":8},"end":{"line":85,"column":36}},"type":"binary-expr","locations":[{"start":{"line":85,"column":8},"end":{"line":85,"column":20}},{"start":{"line":85,"column":24},"end":{"line":85,"column":36}}],"line":85},"10":{"loc":{"start":{"line":91,"column":17},"end":{"line":91,"column":41}},"type":"binary-expr","locations":[{"start":{"line":91,"column":17},"end":{"line":91,"column":35}},{"start":{"line":91,"column":39},"end":{"line":91,"column":41}}],"line":91},"11":{"loc":{"start":{"line":92,"column":23},"end":{"line":92,"column":53}},"type":"binary-expr","locations":[{"start":{"line":92,"column":23},"end":{"line":92,"column":47}},{"start":{"line":92,"column":51},"end":{"line":92,"column":53}}],"line":92},"12":{"loc":{"start":{"line":94,"column":4},"end":{"line":101,"column":5}},"type":"if","locations":[{"start":{"line":94,"column":4},"end":{"line":101,"column":5}},{"start":{},"end":{}}],"line":94},"13":{"loc":{"start":{"line":94,"column":8},"end":{"line":94,"column":93}},"type":"binary-expr","locations":[{"start":{"line":94,"column":8},"end":{"line":94,"column":39}},{"start":{"line":94,"column":44},"end":{"line":94,"column":63}},{"start":{"line":94,"column":67},"end":{"line":94,"column":92}}],"line":94},"14":{"loc":{"start":{"line":99,"column":15},"end":{"line":99,"column":38}},"type":"binary-expr","locations":[{"start":{"line":99,"column":15},"end":{"line":99,"column":32}},{"start":{"line":99,"column":36},"end":{"line":99,"column":38}}],"line":99},"15":{"loc":{"start":{"line":100,"column":21},"end":{"line":100,"column":50}},"type":"binary-expr","locations":[{"start":{"line":100,"column":21},"end":{"line":100,"column":44}},{"start":{"line":100,"column":48},"end":{"line":100,"column":50}}],"line":100},"16":{"loc":{"start":{"line":110,"column":19},"end":{"line":110,"column":48}},"type":"binary-expr","locations":[{"start":{"line":110,"column":19},"end":{"line":110,"column":42}},{"start":{"line":110,"column":46},"end":{"line":110,"column":48}}],"line":110},"17":{"loc":{"start":{"line":131,"column":4},"end":{"line":146,"column":5}},"type":"if","locations":[{"start":{"line":131,"column":4},"end":{"line":146,"column":5}},{"start":{},"end":{}}],"line":131},"18":{"loc":{"start":{"line":139,"column":6},"end":{"line":142,"column":7}},"type":"if","locations":[{"start":{"line":139,"column":6},"end":{"line":142,"column":7}},{"start":{},"end":{}}],"line":139},"19":{"loc":{"start":{"line":144,"column":31},"end":{"line":144,"column":53}},"type":"cond-expr","locations":[{"start":{"line":144,"column":38},"end":{"line":144,"column":49}},{"start":{"line":144,"column":52},"end":{"line":144,"column":53}}],"line":144},"20":{"loc":{"start":{"line":145,"column":22},"end":{"line":145,"column":32}},"type":"binary-expr","locations":[{"start":{"line":145,"column":22},"end":{"line":145,"column":26}},{"start":{"line":145,"column":30},"end":{"line":145,"column":32}}],"line":145},"21":{"loc":{"start":{"line":151,"column":4},"end":{"line":154,"column":5}},"type":"if","locations":[{"start":{"line":151,"column":4},"end":{"line":154,"column":5}},{"start":{},"end":{}}],"line":151},"22":{"loc":{"start":{"line":156,"column":29},"end":{"line":156,"column":51}},"type":"cond-expr","locations":[{"start":{"line":156,"column":36},"end":{"line":156,"column":47}},{"start":{"line":156,"column":50},"end":{"line":156,"column":51}}],"line":156},"23":{"loc":{"start":{"line":157,"column":13},"end":{"line":157,"column":23}},"type":"binary-expr","locations":[{"start":{"line":157,"column":13},"end":{"line":157,"column":17}},{"start":{"line":157,"column":21},"end":{"line":157,"column":23}}],"line":157},"24":{"loc":{"start":{"line":174,"column":4},"end":{"line":176,"column":5}},"type":"if","locations":[{"start":{"line":174,"column":4},"end":{"line":176,"column":5}},{"start":{},"end":{}}],"line":174},"25":{"loc":{"start":{"line":174,"column":8},"end":{"line":174,"column":27}},"type":"binary-expr","locations":[{"start":{"line":174,"column":8},"end":{"line":174,"column":15}},{"start":{"line":174,"column":19},"end":{"line":174,"column":27}}],"line":174},"26":{"loc":{"start":{"line":181,"column":4},"end":{"line":184,"column":5}},"type":"if","locations":[{"start":{"line":181,"column":4},"end":{"line":184,"column":5}},{"start":{},"end":{}}],"line":181}},"s":{"0":1,"1":1,"2":1,"3":1,"4":1,"5":1,"6":3,"7":3,"8":3,"9":3,"10":1,"11":1,"12":2,"13":2,"14":1,"15":1,"16":1,"17":1,"18":1,"19":1,"20":1,"21":0,"22":0,"23":0,"24":0,"25":1,"26":0,"27":0,"28":1,"29":1,"30":1,"31":1,"32":1,"33":4,"34":4,"35":4,"36":4,"37":4,"38":4,"39":4,"40":2,"41":2,"42":2,"43":2,"44":2,"45":0,"46":0,"47":0,"48":0,"49":2,"50":2,"51":2,"52":0,"53":0,"54":1,"55":3,"56":3,"57":3,"58":3,"59":1,"60":0,"61":0,"62":0,"63":0,"64":0,"65":2,"66":2,"67":1,"68":1,"69":1,"70":1,"71":1,"72":1,"73":1,"74":4,"75":4,"76":4,"77":4,"78":1,"79":3,"80":2,"81":1,"82":1,"83":1,"84":1,"85":1,"86":1,"87":1},"f":{"0":3,"1":4,"2":3,"3":4},"b":{"0":[1,2],"1":[3,3],"2":[1,0],"3":[1,1],"4":[0,1],"5":[1,1],"6":[0,1],"7":[1,0],"8":[2,2],"9":[4,2],"10":[2,0],"11":[2,0],"12":[0,2],"13":[2,0,0],"14":[0,0],"15":[0,0],"16":[2,0],"17":[1,2],"18":[0,0],"19":[0,0],"20":[0,0],"21":[1,1],"22":[1,0],"23":[1,0],"24":[1,3],"25":[4,4],"26":[1,1]},"_coverageSchema":"1a1c01bbd47fc00a2c39e90264f33305004495a9","hash":"77b2287637527aa767facfc6496565324c3903bc"}
,"C:\\Coding\\volunteer-webapp-final\\server\\services\\authService.js": {"path":"C:\\Coding\\volunteer-webapp-final\\server\\services\\authService.js","statementMap":{"0":{"start":{"line":1,"column":17},"end":{"line":1,"column":46}},"1":{"start":{"line":6,"column":20},"end":{"line":217,"column":1}},"2":{"start":{"line":15,"column":4},"end":{"line":50,"column":5}},"3":{"start":{"line":17,"column":23},"end":{"line":19,"column":72}},"4":{"start":{"line":22,"column":51},"end":{"line":32,"column":8}},"5":{"start":{"line":34,"column":6},"end":{"line":34,"column":37}},"6":{"start":{"line":34,"column":21},"end":{"line":34,"column":37}},"7":{"start":{"line":37,"column":6},"end":{"line":39,"column":7}},"8":{"start":{"line":38,"column":8},"end":{"line":38,"column":71}},"9":{"start":{"line":41,"column":6},"end":{"line":41,"column":61}},"10":{"start":{"line":42,"column":6},"end":{"line":42,"column":91}},"11":{"start":{"line":46,"column":6},"end":{"line":46,"column":45}},"12":{"start":{"line":48,"column":6},"end":{"line":48,"column":58}},"13":{"start":{"line":49,"column":6},"end":{"line":49,"column":50}},"14":{"start":{"line":60,"column":4},"end":{"line":77,"column":5}},"15":{"start":{"line":61,"column":30},"end":{"line":64,"column":8}},"16":{"start":{"line":66,"column":6},"end":{"line":66,"column":29}},"17":{"start":{"line":66,"column":17},"end":{"line":66,"column":29}},"18":{"start":{"line":69,"column":6},"end":{"line":71,"column":7}},"19":{"start":{"line":70,"column":8},"end":{"line":70,"column":51}},"20":{"start":{"line":73,"column":6},"end":{"line":73,"column":35}},"21":{"start":{"line":75,"column":6},"end":{"line":75,"column":51}},"22":{"start":{"line":76,"column":6},"end":{"line":76,"column":50}},"23":{"start":{"line":87,"column":4},"end":{"line":139,"column":5}},"24":{"start":{"line":88,"column":6},"end":{"line":88,"column":36}},"25":{"start":{"line":88,"column":29},"end":{"line":88,"column":36}},"26":{"start":{"line":91,"column":59},"end":{"line":95,"column":22}},"27":{"start":{"line":97,"column":6},"end":{"line":100,"column":7}},"28":{"start":{"line":98,"column":8},"end":{"line":98,"column":65}},"29":{"start":{"line":99,"column":8},"end":{"line":99,"column":15}},"30":{"start":{"line":103,"column":6},"end":{"line":136,"column":7}},"31":{"start":{"line":104,"column":8},"end":{"line":104,"column":59}},"32":{"start":{"line":107,"column":25},"end":{"line":110,"column":60}},"33":{"start":{"line":112,"column":39},"end":{"line":127,"column":12}},"34":{"start":{"line":129,"column":8},"end":{"line":133,"column":9}},"35":{"start":{"line":130,"column":10},"end":{"line":130,"column":77}},"36":{"start":{"line":132,"column":10},"end":{"line":132,"column":67}},"37":{"start":{"line":135,"column":8},"end":{"line":135,"column":65}},"38":{"start":{"line":138,"column":6},"end":{"line":138,"column":60}},"39":{"start":{"line":147,"column":4},"end":{"line":154,"column":5}},"40":{"start":{"line":148,"column":24},"end":{"line":148,"column":53}},"41":{"start":{"line":149,"column":6},"end":{"line":149,"column":29}},"42":{"start":{"line":149,"column":17},"end":{"line":149,"column":29}},"43":{"start":{"line":150,"column":6},"end":{"line":150,"column":29}},"44":{"start":{"line":152,"column":6},"end":{"line":152,"column":52}},"45":{"start":{"line":153,"column":6},"end":{"line":153,"column":38}},"46":{"start":{"line":162,"column":4},"end":{"line":173,"column":5}},"47":{"start":{"line":163,"column":30},"end":{"line":163,"column":59}},"48":{"start":{"line":164,"column":6},"end":{"line":164,"column":29}},"49":{"start":{"line":164,"column":17},"end":{"line":164,"column":29}},"50":{"start":{"line":169,"column":6},"end":{"line":169,"column":35}},"51":{"start":{"line":171,"column":6},"end":{"line":171,"column":62}},"52":{"start":{"line":172,"column":6},"end":{"line":172,"column":50}},"53":{"start":{"line":183,"column":4},"end":{"line":194,"column":5}},"54":{"start":{"line":184,"column":30},"end":{"line":187,"column":25}},"55":{"start":{"line":189,"column":6},"end":{"line":189,"column":29}},"56":{"start":{"line":189,"column":17},"end":{"line":189,"column":29}},"57":{"start":{"line":190,"column":6},"end":{"line":190,"column":35}},"58":{"start":{"line":192,"column":6},"end":{"line":192,"column":60}},"59":{"start":{"line":193,"column":6},"end":{"line":193,"column":50}},"60":{"start":{"line":203,"column":4},"end":{"line":215,"column":5}},"61":{"start":{"line":204,"column":30},"end":{"line":208,"column":17}},"62":{"start":{"line":210,"column":6},"end":{"line":210,"column":29}},"63":{"start":{"line":210,"column":17},"end":{"line":210,"column":29}},"64":{"start":{"line":211,"column":6},"end":{"line":211,"column":35}},"65":{"start":{"line":213,"column":6},"end":{"line":213,"column":57}},"66":{"start":{"line":214,"column":6},"end":{"line":214,"column":50}},"67":{"start":{"line":219,"column":0},"end":{"line":219,"column":29}},"68":{"start":{"line":219,"column":29},"end":{"line":219,"column":57}}},"fnMap":{"0":{"name":"(anonymous_0)","decl":{"start":{"line":14,"column":2},"end":{"line":14,"column":3}},"loc":{"start":{"line":14,"column":49},"end":{"line":51,"column":3}},"line":14},"1":{"name":"(anonymous_1)","decl":{"start":{"line":59,"column":2},"end":{"line":59,"column":3}},"loc":{"start":{"line":59,"column":31},"end":{"line":78,"column":3}},"line":59},"2":{"name":"(anonymous_2)","decl":{"start":{"line":86,"column":2},"end":{"line":86,"column":3}},"loc":{"start":{"line":86,"column":35},"end":{"line":140,"column":3}},"line":86},"3":{"name":"(anonymous_3)","decl":{"start":{"line":146,"column":2},"end":{"line":146,"column":3}},"loc":{"start":{"line":146,"column":17},"end":{"line":155,"column":3}},"line":146},"4":{"name":"(anonymous_4)","decl":{"start":{"line":161,"column":2},"end":{"line":161,"column":3}},"loc":{"start":{"line":161,"column":25},"end":{"line":174,"column":3}},"line":161},"5":{"name":"(anonymous_5)","decl":{"start":{"line":182,"column":2},"end":{"line":182,"column":3}},"loc":{"start":{"line":182,"column":43},"end":{"line":195,"column":3}},"line":182},"6":{"name":"(anonymous_6)","decl":{"start":{"line":202,"column":2},"end":{"line":202,"column":3}},"loc":{"start":{"line":202,"column":27},"end":{"line":216,"column":3}},"line":202}},"branchMap":{"0":{"loc":{"start":{"line":14,"column":34},"end":{"line":14,"column":47}},"type":"default-arg","locations":[{"start":{"line":14,"column":45},"end":{"line":14,"column":47}}],"line":14},"1":{"loc":{"start":{"line":17,"column":23},"end":{"line":19,"column":72}},"type":"cond-expr","locations":[{"start":{"line":18,"column":10},"end":{"line":18,"column":54}},{"start":{"line":19,"column":10},"end":{"line":19,"column":72}}],"line":17},"2":{"loc":{"start":{"line":17,"column":23},"end":{"line":17,"column":62}},"type":"binary-expr","locations":[{"start":{"line":17,"column":23},"end":{"line":17,"column":41}},{"start":{"line":17,"column":45},"end":{"line":17,"column":62}}],"line":17},"3":{"loc":{"start":{"line":19,"column":10},"end":{"line":19,"column":72}},"type":"binary-expr","locations":[{"start":{"line":19,"column":10},"end":{"line":19,"column":28}},{"start":{"line":19,"column":32},"end":{"line":19,"column":49}},{"start":{"line":19,"column":53},"end":{"line":19,"column":72}}],"line":19},"4":{"loc":{"start":{"line":28,"column":24},"end":{"line":28,"column":48}},"type":"binary-expr","locations":[{"start":{"line":28,"column":24},"end":{"line":28,"column":42}},{"start":{"line":28,"column":46},"end":{"line":28,"column":48}}],"line":28},"5":{"loc":{"start":{"line":29,"column":23},"end":{"line":29,"column":46}},"type":"binary-expr","locations":[{"start":{"line":29,"column":23},"end":{"line":29,"column":40}},{"start":{"line":29,"column":44},"end":{"line":29,"column":46}}],"line":29},"6":{"loc":{"start":{"line":34,"column":6},"end":{"line":34,"column":37}},"type":"if","locations":[{"start":{"line":34,"column":6},"end":{"line":34,"column":37}},{"start":{},"end":{}}],"line":34},"7":{"loc":{"start":{"line":37,"column":6},"end":{"line":39,"column":7}},"type":"if","locations":[{"start":{"line":37,"column":6},"end":{"line":39,"column":7}},{"start":{},"end":{}}],"line":37},"8":{"loc":{"start":{"line":37,"column":10},"end":{"line":37,"column":45}},"type":"binary-expr","locations":[{"start":{"line":37,"column":10},"end":{"line":37,"column":24}},{"start":{"line":37,"column":28},"end":{"line":37,"column":45}}],"line":37},"9":{"loc":{"start":{"line":42,"column":34},"end":{"line":42,"column":89}},"type":"cond-expr","locations":[{"start":{"line":42,"column":53},"end":{"line":42,"column":70}},{"start":{"line":42,"column":73},"end":{"line":42,"column":89}}],"line":42},"10":{"loc":{"start":{"line":66,"column":6},"end":{"line":66,"column":29}},"type":"if","locations":[{"start":{"line":66,"column":6},"end":{"line":66,"column":29}},{"start":{},"end":{}}],"line":66},"11":{"loc":{"start":{"line":69,"column":6},"end":{"line":71,"column":7}},"type":"if","locations":[{"start":{"line":69,"column":6},"end":{"line":71,"column":7}},{"start":{},"end":{}}],"line":69},"12":{"loc":{"start":{"line":88,"column":6},"end":{"line":88,"column":36}},"type":"if","locations":[{"start":{"line":88,"column":6},"end":{"line":88,"column":36}},{"start":{},"end":{}}],"line":88},"13":{"loc":{"start":{"line":88,"column":10},"end":{"line":88,"column":27}},"type":"binary-expr","locations":[{"start":{"line":88,"column":10},"end":{"line":88,"column":15}},{"start":{"line":88,"column":19},"end":{"line":88,"column":27}}],"line":88},"14":{"loc":{"start":{"line":97,"column":6},"end":{"line":100,"column":7}},"type":"if","locations":[{"start":{"line":97,"column":6},"end":{"line":100,"column":7}},{"start":{},"end":{}}],"line":97},"15":{"loc":{"start":{"line":103,"column":6},"end":{"line":136,"column":7}},"type":"if","locations":[{"start":{"line":103,"column":6},"end":{"line":136,"column":7}},{"start":{"line":134,"column":13},"end":{"line":136,"column":7}}],"line":103},"16":{"loc":{"start":{"line":107,"column":25},"end":{"line":110,"column":60}},"type":"binary-expr","locations":[{"start":{"line":107,"column":25},"end":{"line":107,"column":54}},{"start":{"line":108,"column":25},"end":{"line":110,"column":59}}],"line":107},"17":{"loc":{"start":{"line":108,"column":25},"end":{"line":110,"column":59}},"type":"cond-expr","locations":[{"start":{"line":109,"column":24},"end":{"line":109,"column":90}},{"start":{"line":110,"column":24},"end":{"line":110,"column":59}}],"line":108},"18":{"loc":{"start":{"line":108,"column":25},"end":{"line":108,"column":88}},"type":"binary-expr","locations":[{"start":{"line":108,"column":25},"end":{"line":108,"column":55}},{"start":{"line":108,"column":59},"end":{"line":108,"column":88}}],"line":108},"19":{"loc":{"start":{"line":110,"column":24},"end":{"line":110,"column":59}},"type":"binary-expr","locations":[{"start":{"line":110,"column":24},"end":{"line":110,"column":49}},{"start":{"line":110,"column":53},"end":{"line":110,"column":59}}],"line":110},"20":{"loc":{"start":{"line":129,"column":8},"end":{"line":133,"column":9}},"type":"if","locations":[{"start":{"line":129,"column":8},"end":{"line":133,"column":9}},{"start":{"line":131,"column":15},"end":{"line":133,"column":9}}],"line":129},"21":{"loc":{"start":{"line":149,"column":6},"end":{"line":149,"column":29}},"type":"if","locations":[{"start":{"line":149,"column":6},"end":{"line":149,"column":29}},{"start":{},"end":{}}],"line":149},"22":{"loc":{"start":{"line":164,"column":6},"end":{"line":164,"column":29}},"type":"if","locations":[{"start":{"line":164,"column":6},"end":{"line":164,"column":29}},{"start":{},"end":{}}],"line":164},"23":{"loc":{"start":{"line":189,"column":6},"end":{"line":189,"column":29}},"type":"if","locations":[{"start":{"line":189,"column":6},"end":{"line":189,"column":29}},{"start":{},"end":{}}],"line":189},"24":{"loc":{"start":{"line":210,"column":6},"end":{"line":210,"column":29}},"type":"if","locations":[{"start":{"line":210,"column":6},"end":{"line":210,"column":29}},{"start":{},"end":{}}],"line":210}},"s":{"0":2,"1":2,"2":2,"3":2,"4":2,"5":2,"6":1,"7":1,"8":0,"9":1,"10":1,"11":1,"12":1,"13":1,"14":3,"15":3,"16":3,"17":1,"18":2,"19":2,"20":2,"21":1,"22":1,"23":2,"24":2,"25":0,"26":2,"27":2,"28":0,"29":0,"30":2,"31":1,"32":1,"33":1,"34":1,"35":0,"36":1,"37":1,"38":0,"39":2,"40":2,"41":1,"42":0,"43":1,"44":1,"45":1,"46":2,"47":2,"48":1,"49":0,"50":1,"51":1,"52":1,"53":2,"54":2,"55":2,"56":1,"57":1,"58":1,"59":1,"60":2,"61":2,"62":2,"63":1,"64":1,"65":1,"66":1,"67":2,"68":2},"f":{"0":2,"1":3,"2":2,"3":2,"4":2,"5":2,"6":2},"b":{"0":[1],"1":[1,1],"2":[2,1],"3":[1,1,1],"4":[2,1],"5":[2,1],"6":[1,1],"7":[0,1],"8":[1,1],"9":[1,0],"10":[1,2],"11":[2,0],"12":[0,2],"13":[2,2],"14":[0,2],"15":[1,1],"16":[1,0],"17":[0,0],"18":[0,0],"19":[0,0],"20":[0,1],"21":[0,1],"22":[0,1],"23":[1,1],"24":[1,1]},"_coverageSchema":"1a1c01bbd47fc00a2c39e90264f33305004495a9","hash":"a90445dcce70e6664d72fdc40e88e40e339b824c"}
,"C:\\Coding\\volunteer-webapp-final\\server\\services\\eventService.js": {"path":"C:\\Coding\\volunteer-webapp-final\\server\\services\\eventService.js","statementMap":{"0":{"start":{"line":1,"column":17},"end":{"line":1,"column":46}},"1":{"start":{"line":6,"column":21},"end":{"line":457,"column":1}},"2":{"start":{"line":13,"column":4},"end":{"line":63,"column":5}},"3":{"start":{"line":14,"column":18},"end":{"line":30,"column":10}},"4":{"start":{"line":33,"column":6},"end":{"line":35,"column":7}},"5":{"start":{"line":34,"column":8},"end":{"line":34,"column":51}},"6":{"start":{"line":37,"column":6},"end":{"line":39,"column":7}},"7":{"start":{"line":38,"column":8},"end":{"line":38,"column":53}},"8":{"start":{"line":41,"column":6},"end":{"line":43,"column":7}},"9":{"start":{"line":42,"column":8},"end":{"line":42,"column":67}},"10":{"start":{"line":45,"column":6},"end":{"line":47,"column":7}},"11":{"start":{"line":46,"column":8},"end":{"line":46,"column":59}},"12":{"start":{"line":49,"column":6},"end":{"line":51,"column":7}},"13":{"start":{"line":50,"column":8},"end":{"line":50,"column":55}},"14":{"start":{"line":54,"column":6},"end":{"line":54,"column":61}},"15":{"start":{"line":56,"column":30},"end":{"line":56,"column":41}},"16":{"start":{"line":58,"column":6},"end":{"line":58,"column":29}},"17":{"start":{"line":58,"column":17},"end":{"line":58,"column":29}},"18":{"start":{"line":59,"column":6},"end":{"line":59,"column":35}},"19":{"start":{"line":61,"column":6},"end":{"line":61,"column":60}},"20":{"start":{"line":62,"column":6},"end":{"line":62,"column":50}},"21":{"start":{"line":72,"column":4},"end":{"line":84,"column":5}},"22":{"start":{"line":73,"column":30},"end":{"line":77,"column":50}},"23":{"start":{"line":79,"column":6},"end":{"line":79,"column":29}},"24":{"start":{"line":79,"column":17},"end":{"line":79,"column":29}},"25":{"start":{"line":80,"column":6},"end":{"line":80,"column":35}},"26":{"start":{"line":82,"column":6},"end":{"line":82,"column":61}},"27":{"start":{"line":83,"column":6},"end":{"line":83,"column":50}},"28":{"start":{"line":93,"column":4},"end":{"line":126,"column":5}},"29":{"start":{"line":94,"column":30},"end":{"line":98,"column":17}},"30":{"start":{"line":100,"column":6},"end":{"line":100,"column":29}},"31":{"start":{"line":100,"column":17},"end":{"line":100,"column":29}},"32":{"start":{"line":103,"column":35},"end":{"line":114,"column":62}},"33":{"start":{"line":116,"column":6},"end":{"line":122,"column":8}},"34":{"start":{"line":124,"column":6},"end":{"line":124,"column":55}},"35":{"start":{"line":125,"column":6},"end":{"line":125,"column":50}},"36":{"start":{"line":135,"column":4},"end":{"line":194,"column":5}},"37":{"start":{"line":137,"column":29},"end":{"line":137,"column":107}},"38":{"start":{"line":138,"column":6},"end":{"line":142,"column":7}},"39":{"start":{"line":139,"column":8},"end":{"line":141,"column":9}},"40":{"start":{"line":140,"column":10},"end":{"line":140,"column":81}},"41":{"start":{"line":145,"column":6},"end":{"line":147,"column":7}},"42":{"start":{"line":146,"column":8},"end":{"line":146,"column":80}},"43":{"start":{"line":150,"column":24},"end":{"line":150,"column":54}},"44":{"start":{"line":151,"column":22},"end":{"line":151,"column":50}},"45":{"start":{"line":153,"column":6},"end":{"line":155,"column":7}},"46":{"start":{"line":154,"column":8},"end":{"line":154,"column":60}},"47":{"start":{"line":157,"column":6},"end":{"line":159,"column":7}},"48":{"start":{"line":158,"column":8},"end":{"line":158,"column":74}},"49":{"start":{"line":162,"column":32},"end":{"line":164,"column":25}},"50":{"start":{"line":166,"column":6},"end":{"line":168,"column":7}},"51":{"start":{"line":167,"column":8},"end":{"line":167,"column":77}},"52":{"start":{"line":171,"column":6},"end":{"line":171,"column":44}},"53":{"start":{"line":175,"column":28},"end":{"line":175,"column":36}},"54":{"start":{"line":177,"column":30},"end":{"line":187,"column":17}},"55":{"start":{"line":189,"column":6},"end":{"line":189,"column":29}},"56":{"start":{"line":189,"column":17},"end":{"line":189,"column":29}},"57":{"start":{"line":190,"column":6},"end":{"line":190,"column":35}},"58":{"start":{"line":192,"column":6},"end":{"line":192,"column":58}},"59":{"start":{"line":193,"column":6},"end":{"line":193,"column":50}},"60":{"start":{"line":204,"column":4},"end":{"line":237,"column":5}},"61":{"start":{"line":206,"column":6},"end":{"line":208,"column":7}},"62":{"start":{"line":207,"column":8},"end":{"line":207,"column":80}},"63":{"start":{"line":210,"column":6},"end":{"line":217,"column":7}},"64":{"start":{"line":211,"column":26},"end":{"line":211,"column":56}},"65":{"start":{"line":212,"column":24},"end":{"line":212,"column":52}},"66":{"start":{"line":214,"column":8},"end":{"line":216,"column":9}},"67":{"start":{"line":215,"column":10},"end":{"line":215,"column":76}},"68":{"start":{"line":219,"column":6},"end":{"line":221,"column":7}},"69":{"start":{"line":220,"column":8},"end":{"line":220,"column":77}},"70":{"start":{"line":223,"column":30},"end":{"line":230,"column":17}},"71":{"start":{"line":232,"column":6},"end":{"line":232,"column":29}},"72":{"start":{"line":232,"column":17},"end":{"line":232,"column":29}},"73":{"start":{"line":233,"column":6},"end":{"line":233,"column":35}},"74":{"start":{"line":235,"column":6},"end":{"line":235,"column":58}},"75":{"start":{"line":236,"column":6},"end":{"line":236,"column":50}},"76":{"start":{"line":246,"column":4},"end":{"line":264,"column":5}},"77":{"start":{"line":248,"column":6},"end":{"line":251,"column":33}},"78":{"start":{"line":254,"column":24},"end":{"line":257,"column":26}},"79":{"start":{"line":259,"column":6},"end":{"line":259,"column":29}},"80":{"start":{"line":259,"column":17},"end":{"line":259,"column":29}},"81":{"start":{"line":260,"column":6},"end":{"line":260,"column":29}},"82":{"start":{"line":262,"column":6},"end":{"line":262,"column":58}},"83":{"start":{"line":263,"column":6},"end":{"line":263,"column":38}},"84":{"start":{"line":274,"column":4},"end":{"line":293,"column":5}},"85":{"start":{"line":275,"column":6},"end":{"line":277,"column":7}},"86":{"start":
[...]
nary-expr","locations":[{"start":{"line":181,"column":10},"end":{"line":181,"column":27}},{"start":{"line":181,"column":31},"end":{"line":181,"column":59}}],"line":181},"17":{"loc":{"start":{"line":195,"column":8},"end":{"line":195,"column":31}},"type":"if","locations":[{"start":{"line":195,"column":8},"end":{"line":195,"column":31}},{"start":{},"end":{}}],"line":195},"18":{"loc":{"start":{"line":216,"column":6},"end":{"line":216,"column":29}},"type":"if","locations":[{"start":{"line":216,"column":6},"end":{"line":216,"column":29}},{"start":{},"end":{}}],"line":216},"19":{"loc":{"start":{"line":236,"column":6},"end":{"line":236,"column":29}},"type":"if","locations":[{"start":{"line":236,"column":6},"end":{"line":236,"column":29}},{"start":{},"end":{}}],"line":236},"20":{"loc":{"start":{"line":237,"column":21},"end":{"line":237,"column":31}},"type":"binary-expr","locations":[{"start":{"line":237,"column":21},"end":{"line":237,"column":25}},{"start":{"line":237,"column":29},"end":{"line":237,"column":31}}],"line":237},"21":{"loc":{"start":{"line":256,"column":6},"end":{"line":256,"column":29}},"type":"if","locations":[{"start":{"line":256,"column":6},"end":{"line":256,"column":29}},{"start":{},"end":{}}],"line":256},"22":{"loc":{"start":{"line":257,"column":21},"end":{"line":257,"column":31}},"type":"binary-expr","locations":[{"start":{"line":257,"column":21},"end":{"line":257,"column":25}},{"start":{"line":257,"column":29},"end":{"line":257,"column":31}}],"line":257},"23":{"loc":{"start":{"line":277,"column":6},"end":{"line":277,"column":29}},"type":"if","locations":[{"start":{"line":277,"column":6},"end":{"line":277,"column":29}},{"start":{},"end":{}}],"line":277},"24":{"loc":{"start":{"line":278,"column":21},"end":{"line":278,"column":43}},"type":"binary-expr","locations":[{"start":{"line":278,"column":21},"end":{"line":278,"column":37}},{"start":{"line":278,"column":41},"end":{"line":278,"column":43}}],"line":278},"25":{"loc":{"start":{"line":302,"column":6},"end":{"line":302,"column":29}},"type":"if","locations":[{"start":{"line":302,"column":6},"end":{"line":302,"column":29}},{"start":{},"end":{}}],"line":302},"26":{"loc":{"start":{"line":329,"column":6},"end":{"line":339,"column":7}},"type":"if","locations":[{"start":{"line":329,"column":6},"end":{"line":339,"column":7}},{"start":{},"end":{}}],"line":329},"27":{"loc":{"start":{"line":329,"column":10},"end":{"line":329,"column":36}},"type":"binary-expr","locations":[{"start":{"line":329,"column":10},"end":{"line":329,"column":15}},{"start":{"line":329,"column":19},"end":{"line":329,"column":36}}],"line":329},"28":{"loc":{"start":{"line":342,"column":6},"end":{"line":352,"column":7}},"type":"if","locations":[{"start":{"line":342,"column":6},"end":{"line":352,"column":7}},{"start":{},"end":{}}],"line":342},"29":{"loc":{"start":{"line":342,"column":10},"end":{"line":342,"column":36}},"type":"binary-expr","locations":[{"start":{"line":342,"column":10},"end":{"line":342,"column":15}},{"start":{"line":342,"column":19},"end":{"line":342,"column":36}}],"line":342},"30":{"loc":{"start":{"line":354,"column":6},"end":{"line":354,"column":29}},"type":"if","locations":[{"start":{"line":354,"column":6},"end":{"line":354,"column":29}},{"start":{},"end":{}}],"line":354},"31":{"loc":{"start":{"line":355,"column":21},"end":{"line":355,"column":31}},"type":"binary-expr","locations":[{"start":{"line":355,"column":21},"end":{"line":355,"column":25}},{"start":{"line":355,"column":29},"end":{"line":355,"column":31}}],"line":355}},"s":{"0":4,"1":4,"2":6,"3":6,"4":6,"5":27,"6":1,"7":5,"8":5,"9":1,"10":4,"11":4,"12":1,"13":3,"14":3,"15":2,"16":1,"17":3,"18":1,"19":2,"20":1,"21":1,"22":3,"23":3,"24":3,"25":2,"26":1,"27":1,"28":1,"29":1,"30":0,"31":1,"32":1,"33":0,"34":1,"35":1,"36":1,"37":1,"38":4,"39":4,"40":3,"41":2,"42":3,"43":2,"44":2,"45":1,"46":1,"47":1,"48":2,"49":2,"50":4,"51":4,"52":3,"53":2,"54":3,"55":2,"56":2,"57":1,"58":1,"59":1,"60":2,"61":2,"62":2,"63":2,"64":2,"65":1,"66":1,"67":1,"68":1,"69":3,"70":3,"71":3,"72":1,"73":2,"74":1,"75":1,"76":3,"77":3,"78":3,"79":1,"80":2,"81":1,"82":1,"83":3,"84":3,"85":3,"86":1,"87":2,"88":1,"89":1,"90":2,"91":2,"92":2,"93":1,"94":1,"95":1,"96":1,"97":4,"98":4,"99":4,"100":3,"101":3,"102":2,"103":2,"104":2,"105":2,"106":3,"107":1,"108":1,"109":1,"110":1,"111":3,"112":0,"113":3,"114":1,"115":1,"116":4,"117":4},"f":{"0":6,"1":3,"2":4,"3":3,"4":4,"5":3,"6":2,"7":3,"8":3,"9":3,"10":2,"11":4},"b":{"0":[1,26],"1":[1,4],"2":[1,3],"3":[2,1],"4":[1,2],"5":[2,1],"6":[1,1],"7":[0,1],"8":[0,1],"9":[1,1],"10":[1,1],"11":[2,1],"12":[3,3],"13":[3,0],"14":[1,1],"15":[2,1],"16":[3,3],"17":[1,1],"18":[1,1],"19":[1,2],"20":[2,0],"21":[1,2],"22":[2,0],"23":[1,2],"24":[2,1],"25":[1,1],"26":[2,1],"27":[3,3],"28":[1,2],"29":[3,3],"30":[0,3],"31":[3,0]},"_coverageSchema":"1a1c01bbd47fc00a2c39e90264f33305004495a9","hash":"32d6f8c3174415155768472d04e75c3da88f37e8"}
,"C:\\Coding\\volunteer-webapp-final\\server\\services\\volunteerHistoryService.js": {"path":"C:\\Coding\\volunteer-webapp-final\\server\\services\\volunteerHistoryService.js","statementMap":{"0":{"start":{"line":1,"column":17},"end":{"line":1,"column":46}},"1":{"start":{"line":2,"column":21},"end":{"line":2,"column":46}},"2":{"start":{"line":7,"column":32},"end":{"line":281,"column":1}},"3":{"start":{"line":14,"column":4},"end":{"line":47,"column":5}},"4":{"start":{"line":15,"column":6},"end":{"line":17,"column":7}},"5":{"start":{"line":16,"column":8},"end":{"line":16,"column":60}},"6":{"start":{"line":19,"column":30},"end":{"line":40,"column":50}},"7":{"start":{"line":42,"column":6},"end":{"line":42,"column":29}},"8":{"start":{"line":42,"column":17},"end":{"line":42,"column":29}},"9":{"start":{"line":43,"column":6},"end":{"line":43,"column":35}},"10":{"start":{"line":45,"column":6},"end":{"line":45,"column":62}},"11":{"start":{"line":46,"column":6},"end":{"line":46,"column":50}},"12":{"start":{"line":56,"column":4},"end":{"line":83,"column":5}},"13":{"start":{"line":57,"column":6},"end":{"line":59,"column":7}},"14":{"start":{"line":58,"column":8},"end":{"line":58,"column":61}},"15":{"start":{"line":61,"column":30},"end":{"line":76,"column":49}},"16":{"start":{"line":78,"column":6},"end":{"line":78,"column":29}},"17":{"start":{"line":78,"column":17},"end":{"line":78,"column":29}},"18":{"start":{"line":79,"column":6},"end":{"line":79,"column":35}},"19":{"start":{"line":81,"column":6},"end":{"line":81,"column":66}},"20":{"start":{"line":82,"column":6},"end":{"line":82,"column":50}},"21":{"start":{"line":93,"column":4},"end":{"line":151,"column":5}},"22":{"start":{"line":95,"column":6},"end":{"line":97,"column":7}},"23":{"start":{"line":96,"column":8},"end":{"line":96,"column":74}},"24":{"start":{"line":100,"column":33},"end":{"line":105,"column":22}},"25":{"start":{"line":107,"column":6},"end":{"line":109,"column":7}},"26":{"start":{"line":108,"column":8},"end":{"line":108,"column":80}},"27":{"start":{"line":112,"column":53},"end":{"line":116,"column":17}},"28":{"start":{"line":118,"column":6},"end":{"line":120,"column":7}},"29":{"start":{"line":119,"column":8},"end":{"line":119,"column":56}},"30":{"start":{"line":123,"column":6},"end":{"line":125,"column":7}},"31":{"start":{"line":124,"column":8},"end":{"line":124,"column":68}},"32":{"start":{"line":128,"column":6},"end":{"line":131,"column":7}},"33":{"start":{"line":130,"column":8},"end":{"line":130,"column":85}},"34":{"start":{"line":134,"column":30},"end":{"line":144,"column":17}},"35":{"start":{"line":146,"column":6},"end":{"line":146,"column":29}},"36":{"start":{"line":146,"column":17},"end":{"line":146,"column":29}},"37":{"start":{"line":147,"column":6},"end":{"line":147,"column":35}},"38":{"start":{"line":149,"column":6},"end":{"line":149,"column":61}},"39":{"start":{"line":150,"column":6},"end":{"line":150,"column":50}},"40":{"start":{"line":162,"column":4},"end":{"line":222,"column":5}},"41":{"start":{"line":164,"column":6},"end":{"line":166,"column":7}},"42":{"start":{"line":165,"column":8},"end":{"line":165,"column":67}},"43":{"start":{"line":168,"column":6},"end":{"line":170,"column":7}},"44":{"start":{"line":169,"column":8},"end":{"line":169,"column":59}},"45":{"start":{"line":173,"column":28},"end":{"line":173,"column":101}},"46":{"start":{"line":174,"column":6},"end":{"line":176,"column":7}},"47":{"start":{"line":175,"column":8},"end":{"line":175,"column":91}},"48":{"start":{"line":179,"column":63},"end":{"line":183,"column":17}},"49":{"start":{"line":185,"column":6},"end":{"line":187,"column":7}},"50":{"start":{"line":186,"column":8},"end":{"line":186,"column":62}},"51":{"start":{"line":189,"column":25},"end":{"line":192,"column":7}},"52":{"start":{"line":195,"column":6},"end":{"line":201,"column":7}},"53":{"start":{"line":197,"column":8},"end":{"line":199,"column":9}},"54":{"start":{"line":198,"column":10},"end":{"line":198,"column":81}},"55":{"start":{"line":200,"column":8},"end":{"line":200,"column":46}},"56":{"start":{"line":203,"column":30},"end":{"line":207,"column":17}},"57":{"start":{"line":209,"column":6},"end":{"line":209,"column":29}},"58":{"start":{"line":209,"column":17},"end":{"line":209,"column":29}},"59":{"start":{"line":212,"column":6},"end":{"line":216,"column":7}},"60":{"start":{"line":213,"column":8},"end":{"line":215,"column":11}},"61":{"start":{"line":218,"column":6},"end":{"line":218,"column":35}},"62":{"start":{"line":220,"column":6},"end":{"line":220,"column":69}},"63":{"start":{"line":221,"column":6},"end":{"line":221,"column":50}},"64":{"start":{"line":233,"column":4},"end":{"line":279,"column":5}},"65":{"start":{"line":235,"column":6},"end":{"line":237,"column":7}},"66":{"start":{"line":236,"column":8},"end":{"line":236,"column":67}},"67":{"start":{"line":239,"column":6},"end":{"line":241,"column":7}},"68":{"start":{"line":240,"column":8},"end":{"line":240,"column":61}},"69":{"start":{"line":244,"column":6},"end":{"line":246,"column":7}},"70":{"start":{"line":245,"column":8},"end":{"line":245,"column":80}},"71":{"start":{"line":249,"column":63},"end":{"line":253,"column":17}},"72":{"start":{"line":255,"column":6},"end":{"line":257,"column":7}},"73":{"start":{"line":256,"column":8},"end":{"line":256,"column":62}},"74":{"start":{"line":260,"column":6},"end":{"line":262,"column":7}},"75":{"start":{"line":261,"column":8},"end":{"line":261,"column":94}},"76":{"start":{"line":264,"column":30},"end":{"line":272,"column":17}},"77":{"start":{"line":274,"column":6},"end":{"line":274,"column":29}},"78":{"start":{"line":274,"column":17},"end":{"line":274,"column":29}},"79":{"start":{"line":275,"column":6},"end":{"line":275,"column":35}},"80":{"start":{"line":277,"column":6},"end":{"line":277,"column":62}},"81":{"start":{"line":278,"column":6},"end":{"line":278,"column":50}},"82":{"start":{"line":283,"column":0},"end":{"line":283,"column":41}}},"fnMap":{"0":{"name":"(anonymous_0)","decl":{"start":{"line":13,"column":2},"end":{"line":13,"column":3}},"loc":{"start":{"line":13,"column":31},"end":{"line":48,"column":3}},"line":13},"1":{"name":"(anonymous_1)","decl":{"start":{"line":55,"column":2},"end":{"line":55,"column":3}},"loc":{"start":{"line":55,"column":36},"end":{"line":84,"column":3}},"line":55},"2":{"name":"(anonymous_2)","decl":{"start":{"line":92,"column":2},"end":{"line":92,"column":3}},"loc":{"start":{"line":92,"column":39},"end":{"line":152,"column":3}},"line":92},"3":{"name":"(anonymous_3)","decl":{"start":{"line":161,"column":2},"end":{"line":161,"column":3}},"loc":{"start":{"line":161,"column":73},"end":{"line":223,"column":3}},"line":161},"4":{"name":"(anonymous_4)","decl":{"start":{"line":232,"column":2},"end":{"line":232,"column":3}},"loc":{"start":{"line":232,"column":57},"end":{"line":280,"column":3}},"line":232}},"branchMap":{"0":{"loc":{"start":{"line":15,"column":6},"end":{"line":17,"column":7}},"type":"if","locations":[{"start":{"line":15,"column":6},"end":{"line":17,"column":7}},{"start":{},"end":{}}],"line":15},"1":{"loc":{"start":{"line":42,"column":6},"end":{"line":42,"column":29}},"type":"if","locations":[{"start":{"line":42,"column":6},"end":{"line":42,"column":29}},{"start":{},"end":{}}],"line":42},"2":{"loc":{"start":{"line":57,"column":6},"end":{"line":59,"column":7}},"type":"if","locations":[{"start":{"line":57,"column":6},"end":{"line":59,"column":7}},{"start":{},"end":{}}],"line":57},"3":{"loc":{"start":{"line":78,"column":6},"end":{"line":78,"column":29}},"type":"if","locations":[{"start":{"line":78,"column":6},"end":{"line":78,"column":29}},{"start":{},"end":{}}],"line":78},"4":{"loc":{"start":{"line":95,"column":6},"end":{"line":97,"column":7}},"type":"if","locations":[{"start":{"line":95,"column":6},"end":{"line":97,"column":7}},{"start":{},"end":{}}],"line":95},"5":{"loc":{"start":{"line":95,"column":10},"end":{"line":95,"column":29}},"type":"binary-expr","locations":[{"start":{"line":95,"column":10},"end":{"line":95,"column":17}},{"start":{"line":95,"column":21},"end":{"line":95,"column":29}}],"line":95},"6":{"loc":{"start":{"line":107,"column":6},"end":{"line":109,"column":7}},"type":"if","locations":[{"start":{"line":107,"column":6},"end":{"line":109,"column":7}},{"start":{},"end":{}}],"line":107},"7":{"loc":{"start":{"line":118,"column":6},"end":{"line":120,"column":7}},"type":"if","locations":[{"start":{"line":118,"column":6},"end":{"line":120,"column":7}},{"start":{},"end":{}}],"line":118},"8":{"loc":{"start":{"line":118,"column":10},"end":{"line":118,"column":34}},"type":"binary-expr","locations":[{"start":{"line":118,"column":10},"end":{"line":118,"column":20}},{"start":{"line":118,"column":24},"end":{"line":118,"column":34}}],"line":118},"9":{"loc":{"start":{"line":123,"column":6},"end":{"line":125,"column":7}},"type":"if","locations":[{"start":{"line":123,"column":6},"end":{"line":125,"column":7}},{"start":{},"end":{}}],"line":123},"10":{"loc":{"start":{"line":128,"column":6},"end":{"line":131,"column":7}},"type":"if","locations":[{"start":{"line":128,"column":6},"end":{"line":131,"column":7}},{"start":{},"end":{}}],"line":128},"11":{"loc":{"start":{"line":128,"column":10},"end":{"line":129,"column":66}},"type":"binary-expr","locations":[{"start":{"line":128,"column":10},"end":{"line":128,"column":34}},{"start":{"line":129,"column":10},"end":{"line":129,"column":66}}],"line":128},"12":{"loc":{"start":{"line":146,"column":6},"end":{"line":146,"column":29}},"type":"if","locations":[{"start":{"line":146,"column":6},"end":{"line":146,"column":29}},{"start":{},"end":{}}],"line":146},"13":{"loc":{"start":{"line":161,"column":53},"end":{"line":161,"column":71}},"type":"default-arg","locations":[{"start":{"line":161,"column":67},"end":{"line":161,"column":71}}],"line":161},"14":{"loc":{"start":{"line":164,"column":6},"end":{"line":166,"column":7}},"type":"if","locations":[{"start":{"line":164,"column":6},"end":{"line":166,"column":7}},{"start":{},"end":{}}],"line":164},"15":{"loc":{"start":{"line":168,"column":6},"end":{"line":170,"column":7}},"type":"if","locations":[{"start":{"line":168,"column":6},"end":{"line":170,"column":7}},{"start":{},"end":{}}],"line":168},"16":{"loc":{"start":{"line":174,"column":6},"end":{"line":176,"column":7}},"type":"if","locations":[{"start":{"line":174,"column":6},"end":{"line":176,"column":7}},{"start":{},"end":{}}],"line":174},"17":{"loc":{"start":{"line":185,"column":6},"end":{"line":187,"column":7}},"type":"if","locations":[{"start":{"line":185,"column":6},"end":{"line":187,"column":7}},{"start":{},"end":{}}],"line":185},"18":{"loc":{"start":{"line":185,"column":10},"end":{"line":185,"column":44}},"type":"binary-expr","locations":[{"start":{"line":185,"column":10},"end":{"line":185,"column":20}},{"start":{"line":185,"column":24},"end":{"line":185,"column":44}}],"line":185},"19":{"loc":{"start":{"line":195,"column":6},"end":{"line":201,"column":7}},"type":"if","locations":[{"start":{"line":195,"column":6},"end":{"line":201,"column":7}},{"start":{},"end":{}}],"line":195},"20":{"loc":{"start":{"line":195,"column":10},"end":{"line":195,"column":59}},"type":"binary-expr","locations":[{"start":{"line":195,"column":10},"end":{"line":195,"column":35}},{"start":{"line":195,"column":39},"end":{"line":195,"column":59}}],"line":195},"21":{"loc":{"start":{"line":197,"column":8},"end":{"line":199,"column":9}},"type":"if","locations":[{"start":{"line":197,"column":8},"end":{"line":199,"column":9}},{"start":{},"end":{}}],"line":197},"22":{"loc":{"start":{"line":197,"column":12},"end":{"line":197,"column":50}},"type":"binary-expr","locations":[{"start":{"line":197,"column":12},"end":{"line":197,"column":30}},{"start":{"line":197,"column":34},"end":{"line":197,"column":50}}],"line":197},"23":{"loc":{"start":{"line":209,"column":6},"end":{"line":209,"column":29}},"type":"if","locations":[{"start":{"line":209,"column":6},"end":{"line":209,"column":29}},{"start":{},"end":{}}],"line":209},"24":{"loc":{"start":{"line":212,"column":6},"end":{"line":216,"column":7}},"type":"if","locations":[{"start":{"line":212,"column":6},"end":{"line":216,"column":7}},{"start":{},"end":{}}],"line":212},"25":{"loc":{"start":{"line":235,"column":6},"end":{"line":237,"column":7}},"type":"if","locations":[{"start":{"line":235,"column":6},"end":{"line":237,"column":7}},{"start":{},"end":{}}],"line":235},"26":{"loc":{"start":{"line":239,"column":6},"end":{"line":241,"column":7}},"type":"if","locations":[{"start":{"line":239,"column":6},"end":{"line":241,"column":7}},{"start":{},"end":{}}],"line":239},"27":{"loc":{"start":{"line":244,"column":6},"end":{"line":246,"column":7}},"type":"if","locations":[{"start":{"line":244,"column":6},"end":{"line":246,"column":7}},{"start":{},"end":{}}],"line":244},"28":{"loc":{"start":{"line":244,"column":10},"end":{"line":244,"column":62}},"type":"binary-expr","locations":[{"start":{"line":244,"column":10},"end":{"line":244,"column":17}},{"start":{"line":244,"column":21},"end":{"line":244,"column":34}},{"start":{"line":244,"column":38},"end":{"line":244,"column":48}},{"start":{"line":244,"column":52},"end":{"line":244,"column":62}}],"line":244},"29":{"loc":{"start":{"line":255,"column":6},"end":{"line":257,"column":7}},"type":"if","locations":[{"start":{"line":255,"column":6},"end":{"line":257,"column":7}},{"start":{},"end":{}}],"line":255},"30":{"loc":{"start":{"line":255,"column":10},"end":{"line":255,"column":44}},"type":"binary-expr","locations":[{"start":{"line":255,"column":10},"end":{"line":255,"column":20}},{"start":{"line":255,"column":24},"end":{"line":255,"column":44}}],"line":255},"31":{"loc":{"start":{"line":260,"column":6},"end":{"line":262,"column":7}},"type":"if","locations":[{"start":{"line":260,"column":6},"end":{"line":262,"column":7}},{"start":{},"end":{}}],"line":260},"32":{"loc":{"start":{"line":274,"column":6},"end":{"line":274,"column":29}},"type":"if","locations":[{"start":{"line":274,"column":6},"end":{"line":274,"column":29}},{"start":{},"end":{}}],"line":274}},"s":{"0":2,"1":2,"2":2,"3":2,"4":2,"5":0,"6":2,"7":1,"8":0,"9":1,"10":1,"11":1,"12":2,"13":2,"14":0,"15":2,"16":1,"17":0,"18":1,"19":1,"20":1,"21":2,"22":2,"23":0,"24":2,"25":1,"26":1,"27":0,"28":0,"29":0,"30":0,"31":0,"32":0,"33":0,"34":0,"35":0,"36":0,"37":0,"38":1,"39":1,"40":7,"41":7,"42":1,"43":6,"44":1,"45":5,"46":5,"47":1,"48":4,"49":4,"50":1,"51":3,"52":3,"53":1,"54":0,"55":1,"56":3,"57":2,"58":0,"59":2,"60":1,"61":2,"62":1,"63":1,"64":9,"65":9,"66":1,"67":8,"68":1,"69":7,"70":3,"71":4,"72":4,"73":1,"74":3,"75":1,"76":2,"77":1,"78":0,"79":1,"80":1,"81":1,"82":2},"f":{"0":2,"1":2,"2":2,"3":7,"4":9},"b":{"0":[0,2],"1":[0,1],"2":[0,2],"3":[0,1],"4":[0,2],"5":[2,2],"6":[1,0],"7":[0,0],"8":[0,0],"9":[0,0],"10":[0,0],"11":[0,0],"12":[0,0],"13":[6],"14":[1,6],"15":[1,5],"16":[1,4],"17":[1,3],"18":[4,3],"19":[1,2],"20":[3,1],"21":[0,1],"22":[1,1],"23":[0,2],"24":[1,1],"25":[1,8],"26":[1,7],"27":[3,4],"28":[7,6,5,5],"29":[1,3],"30":[4,3],"31":[1,2],"32":[0,1]},"_coverageSchema":"1a1c01bbd47fc00a2c39e90264f33305004495a9","hash":"238db5c1b8ee374529e306d4ce43fd4f3bece311"}
}
