TN:
SF:server\server.js
FN:27,(anonymous_0)
FN:42,(anonymous_1)
FN:46,(anonymous_2)
FN:50,(anonymous_3)
FN:54,(anonymous_4)
FN:58,(anonymous_5)
FN:62,(anonymous_6)
FN:66,(anonymous_7)
FN:71,(anonymous_8)
FN:77,(anonymous_9)
FNF:10
FNH:0
FNDA:0,(anonymous_0)
FNDA:0,(anonymous_1)
FNDA:0,(anonymous_2)
FNDA:0,(anonymous_3)
FNDA:0,(anonymous_4)
FNDA:0,(anonymous_5)
FNDA:0,(anonymous_6)
FNDA:0,(anonymous_7)
FNDA:0,(anonymous_8)
FNDA:0,(anonymous_9)
DA:1,0
DA:2,0
DA:3,0
DA:4,0
DA:5,0
DA:8,0
DA:9,0
DA:10,0
DA:11,0
DA:12,0
DA:13,0
DA:14,0
DA:16,0
DA:17,0
DA:20,0
DA:21,0
DA:24,0
DA:27,0
DA:28,0
DA:29,0
DA:33,0
DA:34,0
DA:35,0
DA:36,0
DA:37,0
DA:38,0
DA:39,0
DA:42,0
DA:43,0
DA:46,0
DA:47,0
DA:50,0
DA:51,0
DA:54,0
DA:55,0
DA:58,0
DA:59,0
DA:62,0
DA:63,0
DA:66,0
DA:67,0
DA:71,0
DA:72,0
DA:73,0
DA:77,0
DA:80,0
DA:84,0
LF:47
LH:0
BRDA:17,0,0,0
BRDA:17,0,1,0
BRF:2
BRH:0
end_of_record
TN:
SF:server\routes\auth.js
FN:10,(anonymous_0)
FN:64,(anonymous_1)
FN:97,(anonymous_2)
FN:117,(anonymous_3)
FNF:4
FNH:4
FNDA:5,(anonymous_0)
FNDA:4,(anonymous_1)
FNDA:2,(anonymous_2)
FNDA:3,(anonymous_3)
DA:1,1
DA:2,1
DA:3,1
DA:10,1
DA:11,5
DA:22,5
DA:24,5
DA:25,2
DA:28,3
DA:29,1
DA:32,2
DA:42,2
DA:43,1
DA:46,1
DA:54,0
DA:55,0
DA:64,1
DA:65,4
DA:66,4
DA:68,4
DA:69,2
DA:72,2
DA:74,2
DA:75,1
DA:78,1
DA:87,0
DA:88,0
DA:97,1
DA:98,2
DA:99,2
DA:101,2
DA:102,1
DA:105,1
DA:107,0
DA:108,0
DA:117,1
DA:118,3
DA:119,3
DA:121,3
DA:122,1
DA:125,2
DA:126,1
DA:129,1
DA:136,0
DA:137,0
DA:141,1
LF:46
LH:38
BRDA:24,0,0,2
BRDA:24,0,1,3
BRDA:24,1,0,5
BRDA:24,1,1,4
BRDA:28,2,0,1
BRDA:28,2,1,2
BRDA:28,3,0,3
BRDA:28,3,1,2
BRDA:28,3,2,2
BRDA:28,3,3,2
BRDA:42,4,0,1
BRDA:42,4,1,1
BRDA:68,5,0,2
BRDA:68,5,1,2
BRDA:68,6,0,4
BRDA:68,6,1,3
BRDA:74,7,0,1
BRDA:74,7,1,1
BRDA:101,8,0,1
BRDA:101,8,1,1
BRDA:121,9,0,1
BRDA:121,9,1,2
BRDA:125,10,0,1
BRDA:125,10,1,1
BRF:24
BRH:24
end_of_record
TN:
SF:server\routes\events.js
FN:6,(anonymous_0)
FN:22,(anonymous_1)
FN:39,(anonymous_2)
FN:93,(anonymous_3)
FN:110,(anonymous_4)
FNF:5
FNH:4
FNDA:2,(anonymous_0)
FNDA:2,(anonymous_1)
FNDA:3,(anonymous_2)
FNDA:2,(anonymous_3)
FNDA:0,(anonymous_4)
DA:1,1
DA:2,1
DA:3,1
DA:6,1
DA:7,2
DA:8,2
DA:10,2
DA:11,1
DA:14,1
DA:16,0
DA:17,0
DA:22,1
DA:23,2
DA:24,2
DA:25,2
DA:27,2
DA:28,1
DA:31,1
DA:33,0
DA:34,0
DA:39,1
DA:40,3
DA:41,3
DA:44,3
DA:45,1
DA:49,2
DA:52,2
DA:64,2
DA:67,2
DA:69,2
DA:70,1
DA:73,1
DA:87,0
DA:88,0
DA:93,1
DA:94,2
DA:95,2
DA:96,2
DA:98,2
DA:99,1
DA:102,1
DA:104,0
DA:105,0
DA:110,1
DA:111,0
DA:112,0
DA:114,0
DA:115,0
DA:118,0
DA:120,0
DA:121,0
DA:125,1
LF:52
LH:37
BRDA:10,0,0,1
BRDA:10,0,1,1
BRDA:27,1,0,1
BRDA:27,1,1,1
BRDA:44,2,0,1
BRDA:44,2,1,2
BRDA:44,3,0,3
BRDA:44,3,1,2
BRDA:44,3,2,2
BRDA:44,3,3,2
BRDA:54,4,0,2
BRDA:54,4,1,0
BRDA:56,5,0,2
BRDA:56,5,1,0
BRDA:60,6,0,2
BRDA:60,6,1,1
BRDA:65,7,0,2
BRDA:65,7,1,0
BRDA:69,8,0,1
BRDA:69,8,1,1
BRDA:98,9,0,1
BRDA:98,9,1,1
BRDA:114,10,0,0
BRDA:114,10,1,0
BRF:24
BRH:19
end_of_record
TN:
SF:server\routes\history.js
FN:10,(anonymous_0)
FN:32,(anonymous_1)
FN:54,(anonymous_2)
FN:83,(anonymous_3)
FN:117,(anonymous_4)
FNF:5
FNH:5
FNDA:3,(anonymous_0)
FNDA:3,(anonymous_1)
FNDA:4,(anonymous_2)
FNDA:6,(anonymous_3)
FNDA:5,(anonymous_4)
DA:1,1
DA:2,1
DA:3,1
DA:10,1
DA:11,3
DA:12,3
DA:14,3
DA:16,2
DA:17,1
DA:20,1
DA:22,1
DA:23,1
DA:32,1
DA:33,3
DA:34,3
DA:36,3
DA:38,2
DA:39,1
DA:42,1
DA:44,1
DA:45,1
DA:54,1
DA:55,4
DA:56,4
DA:58,4
DA:59,1
DA:62,3
DA:64,2
DA:65,1
DA:68,1
DA:73,1
DA:74,1
DA:83,1
DA:84,6
DA:85,6
DA:86,6
DA:88,6
DA:89,1
DA:92,5
DA:93,1
DA:96,4
DA:98,3
DA:99,1
DA:102,2
DA:107,1
DA:108,1
DA:117,1
DA:118,5
DA:119,5
DA:120,5
DA:122,5
DA:123,1
DA:126,4
DA:127,1
DA:130,3
DA:132,2
DA:133,1
DA:136,1
DA:141,1
DA:142,1
DA:146,1
LF:61
LH:61
BRDA:16,0,0,1
BRDA:16,0,1,1
BRDA:38,1,0,1
BRDA:38,1,1,1
BRDA:58,2,0,1
BRDA:58,2,1,3
BRDA:58,3,0,4
BRDA:58,3,1,4
BRDA:64,4,0,1
BRDA:64,4,1,1
BRDA:88,5,0,1
BRDA:88,5,1,5
BRDA:92,6,0,1
BRDA:92,6,1,4
BRDA:98,7,0,1
BRDA:98,7,1,2
BRDA:122,8,0,1
BRDA:122,8,1,4
BRDA:126,9,0,1
BRDA:126,9,1,3
BRDA:126,10,0,4
BRDA:126,10,1,4
BRDA:126,10,2,4
BRDA:132,11,0,1
BRDA:132,11,1,1
BRF:25
BRH:25
end_of_record
TN:
SF:server\routes\logs.js
FN:12,(anonymous_0)
FN:20,(anonymous_1)
FN:46,(anonymous_2)
FN:52,(anonymous_3)
FN:74,(anonymous_4)
FNF:5
FNH:5
FNDA:4,(anonymous_0)
FNDA:103,(anonymous_1)
FNDA:1,(anonymous_2)
FNDA:3,(anonymous_3)
FNDA:4,(anonymous_4)
DA:1,1
DA:2,1
DA:3,1
DA:6,1
DA:12,1
DA:13,4
DA:20,1
DA:21,103
DA:22,103
DA:24,103
DA:30,103
DA:32,103
DA:35,103
DA:36,3
DA:39,103
DA:46,1
DA:47,1
DA:48,1
DA:52,1
DA:53,3
DA:55,3
DA:60,2
DA:61,1
DA:62,1
DA:65,1
DA:66,1
DA:68,1
DA:69,1
DA:74,1
DA:75,4
DA:76,4
DA:79,4
DA:84,3
DA:85,1
DA:88,2
DA:89,1
DA:92,1
DA:94,1
DA:98,1
LF:39
LH:39
BRDA:35,0,0,3
BRDA:35,0,1,100
BRDA:60,1,0,1
BRDA:60,1,1,1
BRDA:65,2,0,1
BRDA:65,2,1,0
BRDA:66,3,0,1
BRDA:66,3,1,0
BRDA:84,4,0,1
BRDA:84,4,1,2
BRDA:88,5,0,1
BRDA:88,5,1,1
BRDA:88,6,0,2
BRDA:88,6,1,2
BRF:14
BRH:12
end_of_record
TN:
SF:server\routes\profile.js
FN:10,(anonymous_0)
FN:54,(anonymous_1)
FN:88,(anonymous_2)
FN:121,(anonymous_3)
FN:136,(anonymous_4)
FNF:5
FNH:2
FNDA:3,(anonymous_0)
FNDA:0,(anonymous_1)
FNDA:4,(anonymous_2)
FNDA:0,(anonymous_3)
FNDA:0,(anonymous_4)
DA:1,1
DA:2,1
DA:3,1
DA:10,1
DA:11,3
DA:12,3
DA:15,3
DA:17,2
DA:18,1
DA:22,1
DA:24,1
DA:25,0
DA:29,1
DA:31,1
DA:32,0
DA:36,1
DA:42,1
DA:44,1
DA:45,1
DA:54,1
DA:55,0
DA:56,0
DA:57,0
DA:59,0
DA:60,0
DA:64,0
DA:69,0
DA:70,0
DA:72,0
DA:73,0
DA:76,0
DA:78,0
DA:79,0
DA:88,1
DA:89,4
DA:90,4
DA:100,4
DA:103,4
DA:112,4
DA:114,2
DA:115,1
DA:119,1
DA:121,0
DA:126,0
DA:128,0
DA:129,0
DA:134,1
DA:136,0
DA:137,0
DA:139,0
DA:140,0
DA:143,0
DA:144,0
DA:145,0
DA:148,0
DA:149,0
DA:150,0
DA:151,0
DA:152,0
DA:154,0
DA:161,0
DA:163,0
DA:164,0
DA:168,1
DA:170,2
DA:171,2
DA:175,1
LF:67
LH:32
BRDA:17,0,0,1
BRDA:17,0,1,1
BRDA:24,1,0,0
BRDA:24,1,1,1
BRDA:31,2,0,0
BRDA:31,2,1,1
BRDA:38,3,0,1
BRDA:38,3,1,0
BRDA:39,4,0,1
BRDA:39,4,1,0
BRDA:59,5,0,0
BRDA:59,5,1,0
BRDA:59,6,0,0
BRDA:59,6,1,0
BRDA:72,7,0,0
BRDA:72,7,1,0
BRDA:106,8,0,4
BRDA:106,8,1,4
BRDA:114,9,0,1
BRDA:114,9,1,1
BRDA:119,10,0,0
BRDA:119,10,1,1
BRDA:119,11,0,1
BRDA:119,11,1,0
BRDA:119,11,2,0
BRDA:119,11,3,0
BRDA:128,12,0,0
BRDA:128,12,1,0
BRDA:134,13,0,0
BRDA:134,13,1,1
BRDA:134,14,0,1
BRDA:134,14,1,0
BRDA:134,14,2,0
BRDA:134,14,3,0
BRDA:163,15,0,0
BRDA:163,15,1,0
BRF:36
BRH:14
end_of_record
TN:
SF:server\routes\states.js
FN:10,(anonymous_0)
FNF:1
FNH:1
FNDA:3,(anonymous_0)
DA:1,1
DA:2,1
DA:3,1
DA:10,1
DA:11,3
DA:12,3
DA:14,2
DA:15,1
DA:18,1
DA:20,1
DA:21,1
DA:25,1
LF:12
LH:12
BRDA:14,0,0,1
BRDA:14,0,1,1
BRF:2
BRH:2
end_of_record
TN:
SF:server\routes\volunteer-matching.js
FN:12,(anonymous_0)
FN:75,(anonymous_1)
FN:126,(anonymous_2)
FN:169,(anonymous_3)
FNF:4
FNH:4
FNDA:3,(anonymous_0)
FNDA:4,(anonymous_1)
FNDA:3,(anonymous_2)
FNDA:4,(anonymous_3)
DA:1,1
DA:2,1
DA:3,1
DA:4,1
DA:5,1
DA:12,1
DA:13,3
DA:14,3
DA:15,3
DA:17,3
DA:18,1
DA:19,1
DA:23,2
DA:26,2
DA:31,1
DA:34,1
DA:35,1
DA:40,1
DA:41,1
DA:42,1
DA:46,1
DA:47,0
DA:52,0
DA:53,0
DA:54,0
DA:57,1
DA:58,0
DA:59,0
DA:62,1
DA:63,1
DA:65,1
DA:66,1
DA:75,1
DA:76,4
DA:77,4
DA:78,4
DA:81,4
DA:82,4
DA:83,4
DA:85,4
DA:86,2
DA:87,2
DA:91,2
DA:92,2
DA:94,2
DA:96,0
DA:97,0
DA:99,0
DA:100,0
DA:104,2
DA:113,2
DA:114,2
DA:116,0
DA:117,0
DA:126,1
DA:127,3
DA:128,3
DA:129,3
DA:131,3
DA:133,1
DA:139,0
DA:140,0
DA:141,0
DA:144,0
DA:145,0
DA:149,2
DA:151,2
DA:152,1
DA:153,1
DA:156,1
DA:157,1
DA:159,1
DA:160,1
DA:169,1
DA:170,4
DA:171,4
DA:172,4
DA:174,4
DA:175,1
DA:179,3
DA:181,2
DA:182,1
DA:183,1
DA:186,1
DA:187,1
DA:192,1
DA:193,1
DA:197,1
LF:88
LH:71
BRDA:17,0,0,1
BRDA:17,0,1,2
BRDA:17,1,0,3
BRDA:17,1,1,3
BRDA:34,2,0,1
BRDA:34,2,1,0
BRDA:34,3,0,1
BRDA:34,3,1,1
BRDA:46,4,0,0
BRDA:46,4,1,1
BRDA:46,5,0,1
BRDA:46,5,1,1
BRDA:57,6,0,0
BRDA:57,6,1,1
BRDA:63,7,0,1
BRDA:63,7,1,0
BRDA:85,8,0,2
BRDA:85,8,1,2
BRDA:85,9,0,4
BRDA:85,9,1,2
BRDA:91,10,0,2
BRDA:91,10,1,0
BRDA:92,11,0,2
BRDA:92,11,1,0
BRDA:94,12,0,0
BRDA:94,12,1,2
BRDA:94,13,0,2
BRDA:94,13,1,0
BRDA:94,13,2,0
BRDA:99,14,0,0
BRDA:99,14,1,0
BRDA:100,15,0,0
BRDA:100,15,1,0
BRDA:110,16,0,2
BRDA:110,16,1,0
BRDA:131,17,0,1
BRDA:131,17,1,2
BRDA:139,18,0,0
BRDA:139,18,1,0
BRDA:144,19,0,0
BRDA:144,19,1,0
BRDA:145,20,0,0
BRDA:145,20,1,0
BRDA:151,21,0,1
BRDA:151,21,1,1
BRDA:156,22,0,1
BRDA:156,22,1,0
BRDA:157,23,0,1
BRDA:157,23,1,0
BRDA:174,24,0,1
BRDA:174,24,1,3
BRDA:174,25,0,4
BRDA:174,25,1,4
BRDA:181,26,0,1
BRDA:181,26,1,1
BRF:55
BRH:33
end_of_record
TN:
SF:server\services\authService.js
FN:14,(anonymous_0)
FN:59,(anonymous_1)
FN:86,(anonymous_2)
FN:146,(anonymous_3)
FN:161,(anonymous_4)
FN:182,(anonymous_5)
FN:202,(anonymous_6)
FNF:7
FNH:7
FNDA:2,(anonymous_0)
FNDA:3,(anonymous_1)
FNDA:2,(anonymous_2)
FNDA:2,(anonymous_3)
FNDA:2,(anonymous_4)
FNDA:2,(anonymous_5)
FNDA:2,(anonymous_6)
DA:1,2
DA:6,2
DA:15,2
DA:17,2
DA:22,2
DA:34,2
DA:37,1
DA:38,0
DA:41,1
DA:42,1
DA:46,1
DA:48,1
DA:49,1
DA:60,3
DA:61,3
DA:66,3
DA:69,2
DA:70,2
DA:73,2
DA:75,1
DA:76,1
DA:87,2
DA:88,2
DA:91,2
DA:97,2
DA:98,0
DA:99,0
DA:103,2
DA:104,1
DA:107,1
DA:112,1
DA:129,1
DA:130,0
DA:132,1
DA:135,1
DA:138,0
DA:147,2
DA:148,2
DA:149,1
DA:150,1
DA:152,1
DA:153,1
DA:162,2
DA:163,2
DA:164,1
DA:169,1
DA:171,1
DA:172,1
DA:183,2
DA:184,2
DA:189,2
DA:190,1
DA:192,1
DA:193,1
DA:203,2
DA:204,2
DA:210,2
DA:211,1
DA:213,1
DA:214,1
DA:219,2
LF:61
LH:56
BRDA:14,0,0,1
BRDA:17,1,0,1
BRDA:17,1,1,1
BRDA:17,2,0,2
BRDA:17,2,1,1
BRDA:19,3,0,1
BRDA:19,3,1,1
BRDA:19,3,2,1
BRDA:28,4,0,2
BRDA:28,4,1,1
BRDA:29,5,0,2
BRDA:29,5,1,1
BRDA:34,6,0,1
BRDA:34,6,1,1
BRDA:37,7,0,0
BRDA:37,7,1,1
BRDA:37,8,0,1
BRDA:37,8,1,1
BRDA:42,9,0,1
BRDA:42,9,1,0
BRDA:66,10,0,1
BRDA:66,10,1,2
BRDA:69,11,0,2
BRDA:69,11,1,0
BRDA:88,12,0,0
BRDA:88,12,1,2
BRDA:88,13,0,2
BRDA:88,13,1,2
BRDA:97,14,0,0
BRDA:97,14,1,2
BRDA:103,15,0,1
BRDA:103,15,1,1
BRDA:107,16,0,1
BRDA:107,16,1,0
BRDA:108,17,0,0
BRDA:108,17,1,0
BRDA:108,18,0,0
BRDA:108,18,1,0
BRDA:110,19,0,0
BRDA:110,19,1,0
BRDA:129,20,0,0
BRDA:129,20,1,1
BRDA:149,21,0,0
BRDA:149,21,1,1
BRDA:164,22,0,0
BRDA:164,22,1,1
BRDA:189,23,0,1
BRDA:189,23,1,1
BRDA:210,24,0,1
BRDA:210,24,1,1
BRF:50
BRH:35
end_of_record
TN:
SF:server\services\eventService.js
FN:12,(anonymous_0)
FN:71,(anonymous_1)
FN:92,(anonymous_2)
FN:134,(anonymous_3)
FN:203,(anonymous_4)
FN:245,(anonymous_5)
FN:273,(anonymous_6)
FN:301,(anonymous_7)
FN:315,(anonymous_8)
FN:331,(anonymous_9)
FN:335,(anonymous_10)
FN:347,(anonymous_11)
FN:375,(anonymous_12)
FN:390,(anonymous_13)
FNF:14
FNH:14
FNDA:3,(anonymous_0)
FNDA:2,(anonymous_1)
FNDA:2,(anonymous_2)
FNDA:6,(anonymous_3)
FNDA:4,(anonymous_4)
FNDA:2,(anonymous_5)
FNDA:2,(anonymous_6)
FNDA:2,(anonymous_7)
FNDA:2,(anonymous_8)
FNDA:2,(anonymous_9)
FNDA:2,(anonymous_10)
FNDA:4,(anonymous_11)
FNDA:1,(anonymous_12)
FNDA:5,(anonymous_13)
DA:1,5
DA:6,5
DA:13,3
DA:14,3
DA:33,3
DA:34,1
DA:37,3
DA:38,1
DA:41,3
DA:42,1
DA:45,3
DA:46,1
DA:49,3
DA:50,1
DA:54,3
DA:56,2
DA:58,2
DA:59,2
DA:61,1
DA:62,1
DA:72,2
DA:73,2
DA:79,1
DA:80,1
DA:82,1
DA:83,1
DA:93,2
DA:94,2
DA:100,1
DA:103,1
DA:116,1
DA:124,1
DA:125,1
DA:135,6
DA:137,6
DA:138,6
DA:139,32
DA:140,1
DA:145,5
DA:146,1
DA:150,4
DA:151,4
DA:153,4
DA:154,0
DA:157,4
DA:158,1
DA:162,3
DA:166,3
DA:167,1
DA:171,2
DA:175,2
DA:177,2
DA:189,1
DA:190,1
DA:192,1
DA:193,1
DA:204,4
DA:206,4
DA:207,1
DA:210,3
DA:211,1
DA:212,1
DA:214,1
DA:215,1
DA:219,2
DA:220,0
DA:223,2
DA:232,1
DA:233,1
DA:235,1
DA:236,1
DA:246,2
DA:248,2
DA:254,1
DA:259,1
DA:260,1
DA:262,1
DA:263,1
DA:274,2
DA:275,2
DA:276,1
DA:279,1
DA:288,1
DA:289,1
DA:291,0
DA:292,0
DA:302,2
DA:304,2
DA:310,1
DA:315,2
DA:316,1
DA:320,1
DA:327,1
DA:330,1
DA:331,1
DA:332,2
DA:335,2
DA:336,2
DA:339,2
DA:340,2
DA:344,2
DA:346,2
DA:347,2
DA:348,4
DA:351,2
DA:355,2
DA:356,1
DA:357,0
DA:360,2
DA:361,2
DA:363,2
DA:364,1
DA:365,1
DA:366,1
DA:368,2
DA:375,1
DA:377,1
DA:379,1
DA:380,1
DA:391,5
DA:393,5
DA:400,5
DA:401,1
DA:408,4
DA:414,4
DA:415,1
DA:418,3
DA:419,1
DA:422,2
DA:423,1
DA:427,1
DA:440,1
DA:443,1
DA:451,1
DA:453,0
DA:454,0
DA:459,5
LF:137
LH:130
BRDA:12,0,0,2
BRDA:33,1,0,1
BRDA:33,1,1,2
BRDA:37,2,0,1
BRDA:37,2,1,2
BRDA:41,3,0,1
BRDA:41,3,1,2
BRDA:45,4,0,1
BRDA:45,4,1,2
BRDA:49,5,0,1
BRDA:49,5,1,2
BRDA:58,6,0,0
BRDA:58,6,1,2
BRDA:79,7,0,0
BRDA:79,7,1,1
BRDA:100,8,0,0
BRDA:100,8,1,1
BRDA:119,9,0,1
BRDA:119,9,1,0
BRDA:139,10,0,1
BRDA:139,10,1,31
BRDA:145,11,0,1
BRDA:145,11,1,4
BRDA:153,12,0,0
BRDA:153,12,1,4
BRDA:153,13,0,4
BRDA:153,13,1,4
BRDA:157,14,0,1
BRDA:157,14,1,3
BRDA:162,15,0,3
BRDA:162,15,1,0
BRDA:166,16,0,1
BRDA:166,16,1,2
BRDA:189,17,0,0
BRDA:189,17,1,1
BRDA:206,18,0,1
BRDA:206,18,1,3
BRDA:206,19,0,4
BRDA:206,19,1,2
BRDA:210,20,0,1
BRDA:210,20,1,2
BRDA:210,21,0,3
BRDA:210,21,1,1
BRDA:214,22,0,1
BRDA:214,22,1,0
BRDA:219,23,0,0
BRDA:219,23,1,2
BRDA:219,24,0,2
BRDA:219,24,1,0
BRDA:232,25,0,0
BRDA:232,25,1,1
BRDA:259,26,0,0
BRDA:259,26,1,1
BRDA:275,27,0,1
BRDA:275,27,1,1
BRDA:288,28,0,0
BRDA:288,28,1,1
BRDA:315,29,0,1
BRDA:315,29,1,0
BRDA:316,30,0,1
BRDA:316,30,1,0
BRDA:327,31,0,0
BRDA:327,31,1,1
BRDA:339,32,0,2
BRDA:339,32,1,0
BRDA:344,33,0,2
BRDA:344,33,1,0
BRDA:355,34,0,1
BRDA:355,34,1,1
BRDA:356,35,0,1
BRDA:356,35,1,0
BRDA:363,36,0,1
BRDA:363,36,1,1
BRDA:364,37,0,0
BRDA:364,37,1,1
BRDA:365,38,0,0
BRDA:365,38,1,1
BRDA:366,39,0,1
BRDA:366,39,1,0
BRDA:400,40,0,1
BRDA:400,40,1,4
BRDA:414,41,0,1
BRDA:414,41,1,3
BRDA:418,42,0,1
BRDA:418,42,1,2
BRDA:418,43,0,3
BRDA:418,43,1,1
BRDA:422,44,0,1
BRDA:422,44,1,1
BRDA:422,45,0,2
BRDA:422,45,1,2
BRDA:440,46,0,0
BRDA:440,46,1,1
BRF:93
BRH:70
end_of_record
TN:
SF:server\services\historyService.js
FN:12,(anonymous_0)
FN:50,(anonymous_1)
FN:83,(anonymous_2)
FN:162,(anonymous_3)
FN:197,(anonymous_4)
FN:229,(anonymous_5)
FNF:6
FNH:6
FNDA:2,(anonymous_0)
FNDA:2,(anonymous_1)
FNDA:5,(anonymous_2)
FNDA:4,(anonymous_3)
FNDA:3,(anonymous_4)
FNDA:4,(anonymous_5)
DA:1,1
DA:6,1
DA:13,2
DA:14,2
DA:37,1
DA:38,1
DA:40,1
DA:41,1
DA:51,2
DA:52,2
DA:69,1
DA:70,1
DA:72,1
DA:73,1
DA:84,5
DA:86,5
DA:93,5
DA:95,5
DA:96,1
DA:103,4
DA:109,3
DA:110,3
DA:111,0
DA:115,3
DA:116,1
DA:120,2
DA:121,1
DA:125,1
DA:138,1
DA:141,1
DA:149,1
DA:151,1
DA:152,1
DA:163,4
DA:165,4
DA:166,1
DA:170,3
DA:179,2
DA:180,2
DA:181,1
DA:184,1
DA:186,1
DA:187,1
DA:198,3
DA:200,3
DA:210,2
DA:211,2
DA:212,1
DA:215,1
DA:217,1
DA:218,1
DA:230,4
DA:232,4
DA:233,1
DA:237,3
DA:247,2
DA:248,2
DA:249,1
DA:252,1
DA:254,1
DA:255,1
DA:260,1
LF:62
LH:61
BRDA:37,0,0,0
BRDA:37,0,1,1
BRDA:69,1,0,0
BRDA:69,1,1,1
BRDA:93,2,0,0
BRDA:93,2,1,5
BRDA:95,3,0,1
BRDA:95,3,1,4
BRDA:109,4,0,0
BRDA:109,4,1,3
BRDA:110,5,0,0
BRDA:110,5,1,3
BRDA:115,6,0,1
BRDA:115,6,1,2
BRDA:115,7,0,3
BRDA:115,7,1,1
BRDA:120,8,0,1
BRDA:120,8,1,1
BRDA:120,9,0,2
BRDA:120,9,1,2
BRDA:138,10,0,0
BRDA:138,10,1,1
BRDA:165,11,0,1
BRDA:165,11,1,3
BRDA:179,12,0,0
BRDA:179,12,1,2
BRDA:180,13,0,1
BRDA:180,13,1,1
BRDA:180,14,0,2
BRDA:180,14,1,2
BRDA:210,15,0,0
BRDA:210,15,1,2
BRDA:211,16,0,1
BRDA:211,16,1,1
BRDA:211,17,0,2
BRDA:211,17,1,2
BRDA:232,18,0,1
BRDA:232,18,1,3
BRDA:232,19,0,4
BRDA:232,19,1,4
BRDA:247,20,0,0
BRDA:247,20,1,2
BRDA:248,21,0,1
BRDA:248,21,1,1
BRDA:248,22,0,2
BRDA:248,22,1,2
BRF:46
BRH:37
end_of_record
TN:
SF:server\services\profileService.js
FN:13,(anonymous_0)
FN:81,(anonymous_1)
FN:134,(anonymous_2)
FN:144,(anonymous_3)
FN:172,(anonymous_4)
FN:182,(anonymous_5)
FN:209,(anonymous_6)
FN:229,(anonymous_7)
FN:249,(anonymous_8)
FN:269,(anonymous_9)
FN:291,(anonymous_10)
FN:315,(anonymous_11)
FNF:12
FNH:12
FNDA:6,(anonymous_0)
FNDA:3,(anonymous_1)
FNDA:4,(anonymous_2)
FNDA:3,(anonymous_3)
FNDA:4,(anonymous_4)
FNDA:3,(anonymous_5)
FNDA:2,(anonymous_6)
FNDA:3,(anonymous_7)
FNDA:3,(anonymous_8)
FNDA:3,(anonymous_9)
FNDA:2,(anonymous_10)
FNDA:4,(anonymous_11)
DA:1,4
DA:6,4
DA:14,6
DA:16,6
DA:17,6
DA:18,27
DA:19,1
DA:24,5
DA:25,5
DA:26,1
DA:30,4
DA:31,4
DA:32,1
DA:36,3
DA:43,3
DA:45,2
DA:55,1
DA:68,3
DA:69,2
DA:71,1
DA:72,1
DA:82,3
DA:84,3
DA:90,3
DA:92,2
DA:93,1
DA:95,1
DA:99,1
DA:104,1
DA:107,1
DA:112,1
DA:115,1
DA:121,1
DA:123,1
DA:124,1
DA:135,4
DA:137,4
DA:143,3
DA:144,3
DA:151,2
DA:156,2
DA:157,1
DA:159,1
DA:161,2
DA:162,2
DA:173,4
DA:175,4
DA:181,3
DA:182,3
DA:190,2
DA:195,2
DA:196,1
DA:198,1
DA:200,2
DA:201,2
DA:210,2
DA:211,2
DA:216,2
DA:217,1
DA:219,1
DA:220,1
DA:230,3
DA:231,3
DA:236,3
DA:237,2
DA:239,1
DA:240,1
DA:250,3
DA:251,3
DA:256,3
DA:257,2
DA:259,1
DA:260,1
DA:270,3
DA:271,3
DA:277,3
DA:278,2
DA:280,1
DA:281,1
DA:292,2
DA:293,2
DA:302,2
DA:303,1
DA:305,1
DA:306,1
DA:316,4
DA:317,4
DA:320,4
DA:326,3
DA:329,3
DA:330,2
DA:336,2
DA:337,2
DA:338,2
DA:342,3
DA:343,1
DA:349,1
DA:350,1
DA:351,1
DA:354,3
DA:355,3
DA:357,1
DA:358,1
DA:363,4
LF:104
LH:104
BRDA:18,0,0,1
BRDA:18,0,1,26
BRDA:25,1,0,1
BRDA:25,1,1,4
BRDA:31,2,0,1
BRDA:31,2,1,3
BRDA:43,3,0,2
BRDA:43,3,1,1
BRDA:68,4,0,1
BRDA:68,4,1,2
BRDA:90,5,0,2
BRDA:90,5,1,1
BRDA:92,6,0,1
BRDA:92,6,1,1
BRDA:104,7,0,0
BRDA:104,7,1,1
BRDA:112,8,0,0
BRDA:112,8,1,1
BRDA:117,9,0,1
BRDA:117,9,1,1
BRDA:118,10,0,1
BRDA:118,10,1,1
BRDA:143,11,0,2
BRDA:143,11,1,1
BRDA:143,12,0,3
BRDA:143,12,1,3
BRDA:147,13,0,3
BRDA:147,13,1,0
BRDA:156,14,0,1
BRDA:156,14,1,1
BRDA:181,15,0,2
BRDA:181,15,1,1
BRDA:181,16,0,3
BRDA:181,16,1,3
BRDA:195,17,0,1
BRDA:195,17,1,1
BRDA:216,18,0,1
BRDA:216,18,1,1
BRDA:236,19,0,1
BRDA:236,19,1,2
BRDA:237,20,0,2
BRDA:237,20,1,0
BRDA:256,21,0,1
BRDA:256,21,1,2
BRDA:257,22,0,2
BRDA:257,22,1,0
BRDA:277,23,0,1
BRDA:277,23,1,2
BRDA:278,24,0,2
BRDA:278,24,1,1
BRDA:302,25,0,1
BRDA:302,25,1,1
BRDA:329,26,0,2
BRDA:329,26,1,1
BRDA:329,27,0,3
BRDA:329,27,1,3
BRDA:342,28,0,1
BRDA:342,28,1,2
BRDA:342,29,0,3
BRDA:342,29,1,3
BRDA:354,30,0,0
BRDA:354,30,1,3
BRDA:355,31,0,3
BRDA:355,31,1,0
BRF:64
BRH:57
end_of_record
TN:
SF:server\services\volunteerHistoryService.js
FN:13,(anonymous_0)
FN:55,(anonymous_1)
FN:92,(anonymous_2)
FN:161,(anonymous_3)
FN:232,(anonymous_4)
FNF:5
FNH:5
FNDA:2,(anonymous_0)
FNDA:2,(anonymous_1)
FNDA:2,(anonymous_2)
FNDA:7,(anonymous_3)
FNDA:9,(anonymous_4)
DA:1,2
DA:2,2
DA:7,2
DA:14,2
DA:15,2
DA:16,0
DA:19,2
DA:42,1
DA:43,1
DA:45,1
DA:46,1
DA:56,2
DA:57,2
DA:58,0
DA:61,2
DA:78,1
DA:79,1
DA:81,1
DA:82,1
DA:93,2
DA:95,2
DA:96,0
DA:100,2
DA:107,1
DA:108,1
DA:112,0
DA:118,0
DA:119,0
DA:123,0
DA:124,0
DA:128,0
DA:130,0
DA:134,0
DA:146,0
DA:147,0
DA:149,1
DA:150,1
DA:162,7
DA:164,7
DA:165,1
DA:168,6
DA:169,1
DA:173,5
DA:174,5
DA:175,1
DA:179,4
DA:185,4
DA:186,1
DA:189,3
DA:195,3
DA:197,1
DA:198,0
DA:200,1
DA:203,3
DA:209,2
DA:212,2
DA:213,1
DA:218,2
DA:220,1
DA:221,1
DA:233,9
DA:235,9
DA:236,1
DA:239,8
DA:240,1
DA:244,7
DA:245,3
DA:249,4
DA:255,4
DA:256,1
DA:260,3
DA:261,1
DA:264,2
DA:274,1
DA:275,1
DA:277,1
DA:278,1
DA:283,2
LF:78
LH:64
BRDA:15,0,0,0
BRDA:15,0,1,2
BRDA:42,1,0,0
BRDA:42,1,1,1
BRDA:57,2,0,0
BRDA:57,2,1,2
BRDA:78,3,0,0
BRDA:78,3,1,1
BRDA:95,4,0,0
BRDA:95,4,1,2
BRDA:95,5,0,2
BRDA:95,5,1,2
BRDA:107,6,0,1
BRDA:107,6,1,0
BRDA:118,7,0,0
BRDA:118,7,1,0
BRDA:118,8,0,0
BRDA:118,8,1,0
BRDA:123,9,0,0
BRDA:123,9,1,0
BRDA:128,10,0,0
BRDA:128,10,1,0
BRDA:128,11,0,0
BRDA:128,11,1,0
BRDA:146,12,0,0
BRDA:146,12,1,0
BRDA:161,13,0,6
BRDA:164,14,0,1
BRDA:164,14,1,6
BRDA:168,15,0,1
BRDA:168,15,1,5
BRDA:174,16,0,1
BRDA:174,16,1,4
BRDA:185,17,0,1
BRDA:185,17,1,3
BRDA:185,18,0,4
BRDA:185,18,1,3
BRDA:195,19,0,1
BRDA:195,19,1,2
BRDA:195,20,0,3
BRDA:195,20,1,1
BRDA:197,21,0,0
BRDA:197,21,1,1
BRDA:197,22,0,1
BRDA:197,22,1,1
BRDA:209,23,0,0
BRDA:209,23,1,2
BRDA:212,24,0,1
BRDA:212,24,1,1
BRDA:235,25,0,1
BRDA:235,25,1,8
BRDA:239,26,0,1
BRDA:239,26,1,7
BRDA:244,27,0,3
BRDA:244,27,1,4
BRDA:244,28,0,7
BRDA:244,28,1,6
BRDA:244,28,2,5
BRDA:244,28,3,5
BRDA:255,29,0,1
BRDA:255,29,1,3
BRDA:255,30,0,4
BRDA:255,30,1,3
BRDA:260,31,0,1
BRDA:260,31,1,2
BRDA:274,32,0,0
BRDA:274,32,1,1
BRF:67
BRH:46
end_of_record
